  [1m[35m (3.5ms)[0m  [1m[34mSELECT sqlite_version(*)[0m
  [1m[35m (0.1ms)[0m  [1m[34mSELECT sqlite_version(*)[0m
  [1m[35m (0.6ms)[0m  [1m[34mSELECT sqlite_version(*)[0m
  [1m[35m (1.8ms)[0m  [1m[35mCREATE TABLE "schema_migrations" ("version" varchar NOT NULL PRIMARY KEY)[0m
  [1m[35m (1.2ms)[0m  [1m[35mCREATE TABLE "ar_internal_metadata" ("key" varchar NOT NULL PRIMARY KEY, "value" varchar, "created_at" datetime(6) NOT NULL, "updated_at" datetime(6) NOT NULL)[0m
  [1m[35m (0.2ms)[0m  [1m[34mSELECT "schema_migrations"."version" FROM "schema_migrations" ORDER BY "schema_migrations"."version" ASC[0m
Migrating to CreateSecrets (20211108233142)
  [1m[36mTRANSACTION (0.1ms)[0m  [1m[36mbegin transaction[0m
  [1m[35m (0.9ms)[0m  [1m[35mCREATE TABLE "secrets" ("id" integer PRIMARY KEY AUTOINCREMENT NOT NULL, "content" text, "created_at" datetime(6) NOT NULL, "updated_at" datetime(6) NOT NULL)[0m
  [1m[36mActiveRecord::SchemaMigration Create (0.2ms)[0m  [1m[32mINSERT INTO "schema_migrations" ("version") VALUES (?)[0m  [["version", "20211108233142"]]
  [1m[36mTRANSACTION (1.3ms)[0m  [1m[36mcommit transaction[0m
  [1m[36mActiveRecord::InternalMetadata Load (0.1ms)[0m  [1m[34mSELECT "ar_internal_metadata".* FROM "ar_internal_metadata" WHERE "ar_internal_metadata"."key" = ? LIMIT ?[0m  [["key", "environment"], ["LIMIT", 1]]
  [1m[36mTRANSACTION (0.0ms)[0m  [1m[36mbegin transaction[0m
  [1m[36mActiveRecord::InternalMetadata Create (0.4ms)[0m  [1m[32mINSERT INTO "ar_internal_metadata" ("key", "value", "created_at", "updated_at") VALUES (?, ?, ?, ?)[0m  [["key", "environment"], ["value", "development"], ["created_at", "2021-11-08 23:32:30.364133"], ["updated_at", "2021-11-08 23:32:30.364133"]]
  [1m[36mTRANSACTION (1.0ms)[0m  [1m[36mcommit transaction[0m
  [1m[35m (0.1ms)[0m  [1m[34mSELECT sqlite_version(*)[0m
  [1m[35m (0.2ms)[0m  [1m[34mSELECT "schema_migrations"."version" FROM "schema_migrations" ORDER BY "schema_migrations"."version" ASC[0m
Started GET "/" for 127.0.0.1 at 2021-11-09 10:33:03 +1100
  [1m[35m (3.5ms)[0m  [1m[34mSELECT sqlite_version(*)[0m
  [1m[35m (0.7ms)[0m  [1m[34mSELECT "schema_migrations"."version" FROM "schema_migrations" ORDER BY "schema_migrations"."version" ASC[0m
Processing by Rails::WelcomeController#index as HTML
  Rendering /Users/danielnguyen/.rvm/gems/ruby-2.7.4/gems/railties-6.1.4.1/lib/rails/templates/rails/welcome/index.html.erb
  Rendered /Users/danielnguyen/.rvm/gems/ruby-2.7.4/gems/railties-6.1.4.1/lib/rails/templates/rails/welcome/index.html.erb (Duration: 22.2ms | Allocations: 438)
Completed 200 OK in 123ms (Views: 104.2ms | ActiveRecord: 0.0ms | Allocations: 2413)


Started GET "/secret" for 127.0.0.1 at 2021-11-09 10:33:05 +1100
  
ActionController::RoutingError (No route matches [GET] "/secret"):
  
Started GET "/secrets" for 127.0.0.1 at 2021-11-09 10:33:13 +1100
Processing by SecretsController#index as HTML
  Rendering layout layouts/application.html.erb
  Rendering secrets/index.html.erb within layouts/application
  [1m[36mSecret Load (0.6ms)[0m  [1m[34mSELECT "secrets".* FROM "secrets"[0m
  ↳ app/views/secrets/index.html.erb:14
  Rendered secrets/index.html.erb within layouts/application (Duration: 10.5ms | Allocations: 1044)
[Webpacker] Compiling...
[Webpacker] Compiled all packs in /Users/danielnguyen/Projects/seir48-classwork/13-react/secrets-server/public/packs
[Webpacker] Hash: d049e51f054d7bb7b7f4
Version: webpack 4.46.0
Time: 8614ms
Built at: 09/11/2021 10:33:27 am
                                     Asset       Size       Chunks                         Chunk Names
    js/application-b6fefe692fc684992dfd.js   88.2 KiB  application  [emitted] [immutable]  application
js/application-b6fefe692fc684992dfd.js.map   96.9 KiB  application  [emitted] [dev]        application
                             manifest.json  364 bytes               [emitted]              
Entrypoint application = js/application-b6fefe692fc684992dfd.js js/application-b6fefe692fc684992dfd.js.map
[./app/javascript/packs/application.js] 395 bytes {application} [built]
[./node_modules/webpack/buildin/module.js] (webpack)/buildin/module.js 552 bytes {application} [built]
    + 2 hidden modules

  Rendered layout layouts/application.html.erb (Duration: 14117.5ms | Allocations: 22241)
Completed 200 OK in 14128ms (Views: 14119.7ms | ActiveRecord: 0.6ms | Allocations: 23562)


Started GET "/secrets/new" for 127.0.0.1 at 2021-11-09 10:33:34 +1100
Processing by SecretsController#new as HTML
  Rendering layout layouts/application.html.erb
  Rendering secrets/new.html.erb within layouts/application
  Rendered secrets/_form.html.erb (Duration: 31.6ms | Allocations: 3904)
  Rendered secrets/new.html.erb within layouts/application (Duration: 33.8ms | Allocations: 4246)
[Webpacker] Everything's up-to-date. Nothing to do
  Rendered layout layouts/application.html.erb (Duration: 47.2ms | Allocations: 7750)
Completed 200 OK in 63ms (Views: 48.1ms | ActiveRecord: 3.1ms | Allocations: 10778)


Started POST "/secrets" for 127.0.0.1 at 2021-11-09 10:33:44 +1100
Processing by SecretsController#create as HTML
  Parameters: {"authenticity_token"=>"[FILTERED]", "secret"=>"[FILTERED]", "commit"=>"Create Secret"}
  [1m[36mTRANSACTION (0.3ms)[0m  [1m[36mbegin transaction[0m
  ↳ app/controllers/secrets_controller.rb:27:in `block in create'
  [1m[36mSecret Create (8.4ms)[0m  [1m[32mINSERT INTO "secrets" ("content", "created_at", "updated_at") VALUES (?, ?, ?)[0m  [["content", "A secret about a possum"], ["created_at", "2021-11-08 23:33:44.577394"], ["updated_at", "2021-11-08 23:33:44.577394"]]
  ↳ app/controllers/secrets_controller.rb:27:in `block in create'
  [1m[36mTRANSACTION (3.2ms)[0m  [1m[36mcommit transaction[0m
  ↳ app/controllers/secrets_controller.rb:27:in `block in create'
Redirected to http://localhost:3000/secrets/1
Completed 302 Found in 30ms (ActiveRecord: 11.9ms | Allocations: 2573)


Started GET "/secrets/1" for 127.0.0.1 at 2021-11-09 10:33:44 +1100
Processing by SecretsController#show as HTML
  Parameters: {"id"=>"1"}
  [1m[36mSecret Load (0.2ms)[0m  [1m[34mSELECT "secrets".* FROM "secrets" WHERE "secrets"."id" = ? LIMIT ?[0m  [["id", 1], ["LIMIT", 1]]
  ↳ app/controllers/secrets_controller.rb:62:in `set_secret'
  Rendering layout layouts/application.html.erb
  Rendering secrets/show.html.erb within layouts/application
  Rendered secrets/show.html.erb within layouts/application (Duration: 1.9ms | Allocations: 249)
[Webpacker] Everything's up-to-date. Nothing to do
  Rendered layout layouts/application.html.erb (Duration: 11.6ms | Allocations: 3753)
Completed 200 OK in 18ms (Views: 12.5ms | ActiveRecord: 0.2ms | Allocations: 5175)


Started GET "/secrets" for 127.0.0.1 at 2021-11-09 10:33:52 +1100
Processing by SecretsController#index as HTML
  Rendering layout layouts/application.html.erb
  Rendering secrets/index.html.erb within layouts/application
  [1m[36mSecret Load (0.1ms)[0m  [1m[34mSELECT "secrets".* FROM "secrets"[0m
  ↳ app/views/secrets/index.html.erb:14
  Rendered secrets/index.html.erb within layouts/application (Duration: 4.0ms | Allocations: 798)
[Webpacker] Everything's up-to-date. Nothing to do
  Rendered layout layouts/application.html.erb (Duration: 13.2ms | Allocations: 4299)
Completed 200 OK in 15ms (Views: 13.9ms | ActiveRecord: 0.1ms | Allocations: 4669)


Started GET "/secrets/new" for 127.0.0.1 at 2021-11-09 10:33:55 +1100
Processing by SecretsController#new as HTML
  Rendering layout layouts/application.html.erb
  Rendering secrets/new.html.erb within layouts/application
  Rendered secrets/_form.html.erb (Duration: 1.6ms | Allocations: 497)
  Rendered secrets/new.html.erb within layouts/application (Duration: 2.0ms | Allocations: 605)
[Webpacker] Everything's up-to-date. Nothing to do
  Rendered layout layouts/application.html.erb (Duration: 15.4ms | Allocations: 4105)
Completed 200 OK in 17ms (Views: 16.0ms | ActiveRecord: 0.0ms | Allocations: 4473)


Started POST "/secrets" for 127.0.0.1 at 2021-11-09 10:33:59 +1100
Processing by SecretsController#create as HTML
  Parameters: {"authenticity_token"=>"[FILTERED]", "secret"=>"[FILTERED]", "commit"=>"Create Secret"}
  [1m[36mTRANSACTION (0.1ms)[0m  [1m[36mbegin transaction[0m
  ↳ app/controllers/secrets_controller.rb:27:in `block in create'
  [1m[36mSecret Create (0.6ms)[0m  [1m[32mINSERT INTO "secrets" ("content", "created_at", "updated_at") VALUES (?, ?, ?)[0m  [["content", "Swimming pool secret"], ["created_at", "2021-11-08 23:33:59.913207"], ["updated_at", "2021-11-08 23:33:59.913207"]]
  ↳ app/controllers/secrets_controller.rb:27:in `block in create'
  [1m[36mTRANSACTION (3.3ms)[0m  [1m[36mcommit transaction[0m
  ↳ app/controllers/secrets_controller.rb:27:in `block in create'
Redirected to http://localhost:3000/secrets/2
Completed 302 Found in 15ms (ActiveRecord: 3.9ms | Allocations: 2355)


Started GET "/secrets/2" for 127.0.0.1 at 2021-11-09 10:33:59 +1100
Processing by SecretsController#show as HTML
  Parameters: {"id"=>"2"}
  [1m[36mSecret Load (0.2ms)[0m  [1m[34mSELECT "secrets".* FROM "secrets" WHERE "secrets"."id" = ? LIMIT ?[0m  [["id", 2], ["LIMIT", 1]]
  ↳ app/controllers/secrets_controller.rb:62:in `set_secret'
  Rendering layout layouts/application.html.erb
  Rendering secrets/show.html.erb within layouts/application
  Rendered secrets/show.html.erb within layouts/application (Duration: 0.4ms | Allocations: 102)
[Webpacker] Everything's up-to-date. Nothing to do
  Rendered layout layouts/application.html.erb (Duration: 11.0ms | Allocations: 3604)
Completed 200 OK in 16ms (Views: 12.4ms | ActiveRecord: 0.2ms | Allocations: 4500)


Started GET "/secrets" for 127.0.0.1 at 2021-11-09 10:34:03 +1100
Processing by SecretsController#index as HTML
  Rendering layout layouts/application.html.erb
  Rendering secrets/index.html.erb within layouts/application
  [1m[36mSecret Load (0.2ms)[0m  [1m[34mSELECT "secrets".* FROM "secrets"[0m
  ↳ app/views/secrets/index.html.erb:14
  Rendered secrets/index.html.erb within layouts/application (Duration: 3.0ms | Allocations: 891)
[Webpacker] Everything's up-to-date. Nothing to do
  Rendered layout layouts/application.html.erb (Duration: 16.8ms | Allocations: 4392)
Completed 200 OK in 18ms (Views: 17.4ms | ActiveRecord: 0.2ms | Allocations: 4761)


Started GET "/secrets/new" for 127.0.0.1 at 2021-11-09 10:34:30 +1100
Processing by SecretsController#new as HTML
  Rendering layout layouts/application.html.erb
  Rendering secrets/new.html.erb within layouts/application
  Rendered secrets/_form.html.erb (Duration: 2.4ms | Allocations: 495)
  Rendered secrets/new.html.erb within layouts/application (Duration: 2.8ms | Allocations: 603)
[Webpacker] Everything's up-to-date. Nothing to do
  Rendered layout layouts/application.html.erb (Duration: 18.2ms | Allocations: 4103)
Completed 200 OK in 20ms (Views: 19.0ms | ActiveRecord: 0.0ms | Allocations: 4471)


Started POST "/secrets" for 127.0.0.1 at 2021-11-09 10:34:35 +1100
Processing by SecretsController#create as HTML
  Parameters: {"authenticity_token"=>"[FILTERED]", "secret"=>"[FILTERED]", "commit"=>"Create Secret"}
  [1m[36mTRANSACTION (0.1ms)[0m  [1m[36mbegin transaction[0m
  ↳ app/controllers/secrets_controller.rb:27:in `block in create'
  [1m[36mSecret Create (0.8ms)[0m  [1m[32mINSERT INTO "secrets" ("content", "created_at", "updated_at") VALUES (?, ?, ?)[0m  [["content", "Shoplifiting secret"], ["created_at", "2021-11-08 23:34:35.184220"], ["updated_at", "2021-11-08 23:34:35.184220"]]
  ↳ app/controllers/secrets_controller.rb:27:in `block in create'
  [1m[36mTRANSACTION (3.8ms)[0m  [1m[36mcommit transaction[0m
  ↳ app/controllers/secrets_controller.rb:27:in `block in create'
Redirected to http://localhost:3000/secrets/3
Completed 302 Found in 15ms (ActiveRecord: 4.7ms | Allocations: 2357)


Started GET "/secrets/3" for 127.0.0.1 at 2021-11-09 10:34:35 +1100
Processing by SecretsController#show as HTML
  Parameters: {"id"=>"3"}
  [1m[36mSecret Load (0.2ms)[0m  [1m[34mSELECT "secrets".* FROM "secrets" WHERE "secrets"."id" = ? LIMIT ?[0m  [["id", 3], ["LIMIT", 1]]
  ↳ app/controllers/secrets_controller.rb:62:in `set_secret'
  Rendering layout layouts/application.html.erb
  Rendering secrets/show.html.erb within layouts/application
  Rendered secrets/show.html.erb within layouts/application (Duration: 0.4ms | Allocations: 102)
[Webpacker] Everything's up-to-date. Nothing to do
  Rendered layout layouts/application.html.erb (Duration: 9.6ms | Allocations: 3605)
Completed 200 OK in 13ms (Views: 10.2ms | ActiveRecord: 0.2ms | Allocations: 4504)


Started GET "/rails/info/routes" for 127.0.0.1 at 2021-11-09 10:34:42 +1100
Processing by Rails::InfoController#routes as HTML
  Rendering layout /Users/danielnguyen/.rvm/gems/ruby-2.7.4/gems/railties-6.1.4.1/lib/rails/templates/layouts/application.html.erb
  Rendering /Users/danielnguyen/.rvm/gems/ruby-2.7.4/gems/railties-6.1.4.1/lib/rails/templates/rails/info/routes.html.erb within layouts/application
  Rendered collection of /Users/danielnguyen/.rvm/gems/ruby-2.7.4/gems/actionpack-6.1.4.1/lib/action_dispatch/middleware/templates/routes/_route.html.erb [8 times] (Duration: 4.6ms | Allocations: 1054)
  Rendered /Users/danielnguyen/.rvm/gems/ruby-2.7.4/gems/actionpack-6.1.4.1/lib/action_dispatch/middleware/templates/routes/_table.html.erb (Duration: 4.1ms | Allocations: 705)
  Rendered /Users/danielnguyen/.rvm/gems/ruby-2.7.4/gems/railties-6.1.4.1/lib/rails/templates/rails/info/routes.html.erb within layouts/application (Duration: 13.3ms | Allocations: 3006)
  Rendered layout /Users/danielnguyen/.rvm/gems/ruby-2.7.4/gems/railties-6.1.4.1/lib/rails/templates/layouts/application.html.erb (Duration: 14.6ms | Allocations: 3225)
Completed 200 OK in 20ms (Views: 17.6ms | ActiveRecord: 0.0ms | Allocations: 4268)


Started GET "/secrets" for 127.0.0.1 at 2021-11-09 10:35:26 +1100
Processing by SecretsController#index as HTML
  Rendering layout layouts/application.html.erb
  Rendering secrets/index.html.erb within layouts/application
  [1m[36mSecret Load (0.7ms)[0m  [1m[34mSELECT "secrets".* FROM "secrets"[0m
  ↳ app/views/secrets/index.html.erb:14
  Rendered secrets/index.html.erb within layouts/application (Duration: 27.3ms | Allocations: 1432)
[Webpacker] Everything's up-to-date. Nothing to do
  Rendered layout layouts/application.html.erb (Duration: 46.3ms | Allocations: 5187)
Completed 200 OK in 52ms (Views: 48.8ms | ActiveRecord: 0.7ms | Allocations: 6384)


Started GET "/secrets.json" for 127.0.0.1 at 2021-11-09 10:35:42 +1100
Processing by SecretsController#index as JSON
  Rendering secrets/index.json.jbuilder
  [1m[36mSecret Load (1.6ms)[0m  [1m[34mSELECT "secrets".* FROM "secrets"[0m
  ↳ app/views/secrets/index.json.jbuilder:1
  Rendered secrets/_secret.json.jbuilder (Duration: 2.3ms | Allocations: 207)
  Rendered secrets/_secret.json.jbuilder (Duration: 0.5ms | Allocations: 129)
  Rendered secrets/_secret.json.jbuilder (Duration: 0.9ms | Allocations: 129)
  Rendered secrets/index.json.jbuilder (Duration: 12.6ms | Allocations: 1792)
Completed 200 OK in 25ms (Views: 15.0ms | ActiveRecord: 1.6ms | Allocations: 2570)


Started GET "/secrets.json" for 127.0.0.1 at 2021-11-09 10:38:15 +1100
Processing by SecretsController#index as JSON
  Rendering secrets/index.json.jbuilder
  [1m[36mSecret Load (0.1ms)[0m  [1m[34mSELECT "secrets".* FROM "secrets"[0m
  ↳ app/views/secrets/index.json.jbuilder:1
  Rendered secrets/_secret.json.jbuilder (Duration: 0.5ms | Allocations: 139)
  Rendered secrets/_secret.json.jbuilder (Duration: 0.4ms | Allocations: 129)
  Rendered secrets/_secret.json.jbuilder (Duration: 0.4ms | Allocations: 129)
  Rendered secrets/index.json.jbuilder (Duration: 5.8ms | Allocations: 1536)
Completed 200 OK in 7ms (Views: 6.2ms | ActiveRecord: 0.1ms | Allocations: 1871)


Started GET "/" for 127.0.0.1 at 2021-11-09 10:49:07 +1100
Processing by Rails::WelcomeController#index as HTML
  Rendering /Users/danielnguyen/.rvm/gems/ruby-2.7.4/gems/railties-6.1.4.1/lib/rails/templates/rails/welcome/index.html.erb
  Rendered /Users/danielnguyen/.rvm/gems/ruby-2.7.4/gems/railties-6.1.4.1/lib/rails/templates/rails/welcome/index.html.erb (Duration: 14.0ms | Allocations: 216)
Completed 200 OK in 19ms (Views: 16.2ms | Allocations: 841)


Started GET "/secrets.json" for 127.0.0.1 at 2021-11-09 10:49:11 +1100
Processing by SecretsController#index as JSON
  Rendering secrets/index.json.jbuilder
  [1m[35m (0.1ms)[0m  [1m[34mSELECT sqlite_version(*)[0m
  ↳ app/views/secrets/index.json.jbuilder:1
  [1m[36mSecret Load (0.2ms)[0m  [1m[34mSELECT "secrets".* FROM "secrets"[0m
  ↳ app/views/secrets/index.json.jbuilder:1
  Rendered secrets/_secret.json.jbuilder (Duration: 0.6ms | Allocations: 142)
  Rendered secrets/_secret.json.jbuilder (Duration: 0.7ms | Allocations: 129)
  Rendered secrets/_secret.json.jbuilder (Duration: 0.6ms | Allocations: 129)
  Rendered secrets/index.json.jbuilder (Duration: 30.8ms | Allocations: 2282)
Completed 200 OK in 34ms (Views: 33.4ms | ActiveRecord: 0.6ms | Allocations: 2668)


Started GET "/secrets.json" for 127.0.0.1 at 2021-11-09 14:46:53 +1100
  [1m[35m (0.6ms)[0m  [1m[34mSELECT sqlite_version(*)[0m
  [1m[35m (0.2ms)[0m  [1m[34mSELECT "schema_migrations"."version" FROM "schema_migrations" ORDER BY "schema_migrations"."version" ASC[0m
Processing by SecretsController#index as JSON
  Rendering secrets/index.json.jbuilder
  [1m[36mSecret Load (0.3ms)[0m  [1m[34mSELECT "secrets".* FROM "secrets"[0m
  ↳ app/views/secrets/index.json.jbuilder:1
  Rendered secrets/_secret.json.jbuilder (Duration: 0.8ms | Allocations: 237)
  Rendered secrets/_secret.json.jbuilder (Duration: 0.8ms | Allocations: 129)
  Rendered secrets/_secret.json.jbuilder (Duration: 0.2ms | Allocations: 129)
  Rendered secrets/index.json.jbuilder (Duration: 14.8ms | Allocations: 4426)
Completed 200 OK in 26ms (Views: 16.6ms | ActiveRecord: 1.0ms | Allocations: 6332)


Started GET "/secrets.json" for 127.0.0.1 at 2021-11-09 15:01:41 +1100
Processing by SecretsController#index as JSON
  Rendering secrets/index.json.jbuilder
  [1m[35m (0.1ms)[0m  [1m[34mSELECT sqlite_version(*)[0m
  ↳ app/views/secrets/index.json.jbuilder:1
  [1m[36mSecret Load (0.3ms)[0m  [1m[34mSELECT "secrets".* FROM "secrets"[0m
  ↳ app/views/secrets/index.json.jbuilder:1
  Rendered secrets/_secret.json.jbuilder (Duration: 3.4ms | Allocations: 200)
  Rendered secrets/_secret.json.jbuilder (Duration: 1.3ms | Allocations: 129)
  Rendered secrets/_secret.json.jbuilder (Duration: 1.5ms | Allocations: 129)
  Rendered secrets/index.json.jbuilder (Duration: 106.7ms | Allocations: 2521)
Completed 200 OK in 191ms (Views: 123.4ms | ActiveRecord: 1.0ms | Allocations: 3436)


Started GET "/secrets.json" for 127.0.0.1 at 2021-11-09 15:11:23 +1100
  [1m[35m (2.0ms)[0m  [1m[34mSELECT sqlite_version(*)[0m
  [1m[35m (0.4ms)[0m  [1m[34mSELECT "schema_migrations"."version" FROM "schema_migrations" ORDER BY "schema_migrations"."version" ASC[0m
Processing by SecretsController#index as JSON
  Rendering secrets/index.json.jbuilder
  [1m[36mSecret Load (0.2ms)[0m  [1m[34mSELECT "secrets".* FROM "secrets"[0m
  ↳ app/views/secrets/index.json.jbuilder:1
  Rendered secrets/_secret.json.jbuilder (Duration: 1.6ms | Allocations: 237)
  Rendered secrets/_secret.json.jbuilder (Duration: 0.3ms | Allocations: 129)
  Rendered secrets/_secret.json.jbuilder (Duration: 0.7ms | Allocations: 129)
  Rendered secrets/index.json.jbuilder (Duration: 24.7ms | Allocations: 4428)
Completed 200 OK in 64ms (Views: 43.9ms | ActiveRecord: 1.1ms | Allocations: 6334)


Started GET "/secrets.json" for 127.0.0.1 at 2021-11-09 15:12:27 +1100
Processing by SecretsController#index as JSON
  Rendering secrets/index.json.jbuilder
  [1m[36mSecret Load (0.3ms)[0m  [1m[34mSELECT "secrets".* FROM "secrets"[0m
  ↳ app/views/secrets/index.json.jbuilder:1
  Rendered secrets/_secret.json.jbuilder (Duration: 4.5ms | Allocations: 200)
  Rendered secrets/_secret.json.jbuilder (Duration: 0.3ms | Allocations: 129)
  Rendered secrets/_secret.json.jbuilder (Duration: 0.2ms | Allocations: 129)
  Rendered secrets/index.json.jbuilder (Duration: 25.0ms | Allocations: 1787)
Completed 200 OK in 36ms (Views: 31.6ms | ActiveRecord: 0.3ms | Allocations: 2702)


Started GET "/secrets.json" for 127.0.0.1 at 2021-11-09 15:12:36 +1100
Processing by SecretsController#index as JSON
  Rendering secrets/index.json.jbuilder
  [1m[36mSecret Load (0.2ms)[0m  [1m[34mSELECT "secrets".* FROM "secrets"[0m
  ↳ app/views/secrets/index.json.jbuilder:1
  Rendered secrets/_secret.json.jbuilder (Duration: 0.7ms | Allocations: 139)
  Rendered secrets/_secret.json.jbuilder (Duration: 0.4ms | Allocations: 129)
  Rendered secrets/_secret.json.jbuilder (Duration: 2.1ms | Allocations: 129)
  Rendered secrets/index.json.jbuilder (Duration: 10.1ms | Allocations: 1547)
Completed 200 OK in 19ms (Views: 10.8ms | ActiveRecord: 0.2ms | Allocations: 1892)


Started GET "/secrets.json" for 127.0.0.1 at 2021-11-09 15:13:06 +1100
Processing by SecretsController#index as JSON
  Rendering secrets/index.json.jbuilder
  [1m[36mSecret Load (0.1ms)[0m  [1m[34mSELECT "secrets".* FROM "secrets"[0m
  ↳ app/views/secrets/index.json.jbuilder:1
  Rendered secrets/_secret.json.jbuilder (Duration: 0.3ms | Allocations: 139)
  Rendered secrets/_secret.json.jbuilder (Duration: 0.5ms | Allocations: 129)
  Rendered secrets/_secret.json.jbuilder (Duration: 0.3ms | Allocations: 129)
  Rendered secrets/index.json.jbuilder (Duration: 88.9ms | Allocations: 1547)
Completed 200 OK in 91ms (Views: 90.6ms | ActiveRecord: 0.1ms | Allocations: 1891)


Started GET "/secrets.json" for 127.0.0.1 at 2021-11-09 15:21:54 +1100
Processing by SecretsController#index as JSON
  Rendering secrets/index.json.jbuilder
  [1m[35m (0.1ms)[0m  [1m[34mSELECT sqlite_version(*)[0m
  ↳ app/views/secrets/index.json.jbuilder:1
  [1m[36mSecret Load (2.7ms)[0m  [1m[34mSELECT "secrets".* FROM "secrets"[0m
  ↳ app/views/secrets/index.json.jbuilder:1
  Rendered secrets/_secret.json.jbuilder (Duration: 0.8ms | Allocations: 139)
  Rendered secrets/_secret.json.jbuilder (Duration: 0.4ms | Allocations: 129)
  Rendered secrets/_secret.json.jbuilder (Duration: 0.9ms | Allocations: 129)
  Rendered secrets/index.json.jbuilder (Duration: 30.0ms | Allocations: 2286)
Completed 200 OK in 32ms (Views: 31.0ms | ActiveRecord: 3.2ms | Allocations: 2630)


Started GET "/secrets.json" for 127.0.0.1 at 2021-11-09 15:21:57 +1100
Processing by SecretsController#index as JSON
  Rendering secrets/index.json.jbuilder
  [1m[36mSecret Load (0.2ms)[0m  [1m[34mSELECT "secrets".* FROM "secrets"[0m
  ↳ app/views/secrets/index.json.jbuilder:1
  Rendered secrets/_secret.json.jbuilder (Duration: 0.5ms | Allocations: 139)
  Rendered secrets/_secret.json.jbuilder (Duration: 0.4ms | Allocations: 129)
  Rendered secrets/_secret.json.jbuilder (Duration: 1.8ms | Allocations: 129)
  Rendered secrets/index.json.jbuilder (Duration: 21.2ms | Allocations: 1538)
Completed 200 OK in 23ms (Views: 22.3ms | ActiveRecord: 0.2ms | Allocations: 1872)


Started GET "/secrets.json" for 127.0.0.1 at 2021-11-09 15:22:09 +1100
Processing by SecretsController#index as JSON
  Rendering secrets/index.json.jbuilder
  [1m[36mSecret Load (0.2ms)[0m  [1m[34mSELECT "secrets".* FROM "secrets"[0m
  ↳ app/views/secrets/index.json.jbuilder:1
  Rendered secrets/_secret.json.jbuilder (Duration: 0.5ms | Allocations: 139)
  Rendered secrets/_secret.json.jbuilder (Duration: 0.4ms | Allocations: 129)
  Rendered secrets/_secret.json.jbuilder (Duration: 3.2ms | Allocations: 129)
  Rendered secrets/index.json.jbuilder (Duration: 25.3ms | Allocations: 1538)
Completed 200 OK in 27ms (Views: 25.8ms | ActiveRecord: 0.2ms | Allocations: 1871)


Started GET "/secrets.json" for 127.0.0.1 at 2021-11-09 15:22:22 +1100
Processing by SecretsController#index as JSON
  Rendering secrets/index.json.jbuilder
  [1m[36mSecret Load (0.2ms)[0m  [1m[34mSELECT "secrets".* FROM "secrets"[0m
  ↳ app/views/secrets/index.json.jbuilder:1
  Rendered secrets/_secret.json.jbuilder (Duration: 0.5ms | Allocations: 139)
  Rendered secrets/_secret.json.jbuilder (Duration: 0.4ms | Allocations: 129)
  Rendered secrets/_secret.json.jbuilder (Duration: 0.5ms | Allocations: 129)
  Rendered secrets/index.json.jbuilder (Duration: 8.8ms | Allocations: 1538)
Completed 200 OK in 10ms (Views: 9.3ms | ActiveRecord: 0.2ms | Allocations: 1871)


Started GET "/secrets.json" for 127.0.0.1 at 2021-11-09 15:22:58 +1100
Processing by SecretsController#index as JSON
  Rendering secrets/index.json.jbuilder
  [1m[36mSecret Load (0.1ms)[0m  [1m[34mSELECT "secrets".* FROM "secrets"[0m
  ↳ app/views/secrets/index.json.jbuilder:1
  Rendered secrets/_secret.json.jbuilder (Duration: 0.3ms | Allocations: 139)
  Rendered secrets/_secret.json.jbuilder (Duration: 0.2ms | Allocations: 129)
  Rendered secrets/_secret.json.jbuilder (Duration: 0.2ms | Allocations: 129)
  Rendered secrets/index.json.jbuilder (Duration: 3.0ms | Allocations: 1538)
Completed 200 OK in 5ms (Views: 4.1ms | ActiveRecord: 0.1ms | Allocations: 1871)


Started GET "/secrets.json" for 127.0.0.1 at 2021-11-09 15:23:03 +1100
Processing by SecretsController#index as JSON
  Rendering secrets/index.json.jbuilder
  [1m[36mSecret Load (0.2ms)[0m  [1m[34mSELECT "secrets".* FROM "secrets"[0m
  ↳ app/views/secrets/index.json.jbuilder:1
  Rendered secrets/_secret.json.jbuilder (Duration: 0.5ms | Allocations: 139)
  Rendered secrets/_secret.json.jbuilder (Duration: 1.0ms | Allocations: 129)
  Rendered secrets/_secret.json.jbuilder (Duration: 3.2ms | Allocations: 129)
  Rendered secrets/index.json.jbuilder (Duration: 10.6ms | Allocations: 1538)
Completed 200 OK in 12ms (Views: 11.0ms | ActiveRecord: 0.2ms | Allocations: 1871)


Started GET "/secrets.json" for 127.0.0.1 at 2021-11-09 15:23:09 +1100
Processing by SecretsController#index as JSON
  Rendering secrets/index.json.jbuilder
  [1m[36mSecret Load (0.3ms)[0m  [1m[34mSELECT "secrets".* FROM "secrets"[0m
  ↳ app/views/secrets/index.json.jbuilder:1
  Rendered secrets/_secret.json.jbuilder (Duration: 0.4ms | Allocations: 139)
  Rendered secrets/_secret.json.jbuilder (Duration: 0.5ms | Allocations: 129)
  Rendered secrets/_secret.json.jbuilder (Duration: 1.8ms | Allocations: 129)
  Rendered secrets/index.json.jbuilder (Duration: 17.8ms | Allocations: 1538)
Completed 200 OK in 19ms (Views: 18.1ms | ActiveRecord: 0.3ms | Allocations: 1871)


Started POST "/secrets.json" for 127.0.0.1 at 2021-11-09 15:23:37 +1100
Processing by SecretsController#create as JSON
  Parameters: {"content"=>"this won't work, sadly", "secret"=>{"content"=>"this won't work, sadly"}}
HTTP Origin header (http://localhost:3001) didn't match request.base_url (http://localhost:3000)
Completed 422 Unprocessable Entity in 1ms (ActiveRecord: 0.0ms | Allocations: 443)


  
ActionController::InvalidAuthenticityToken (ActionController::InvalidAuthenticityToken):
  
actionpack (6.1.4.1) lib/action_controller/metal/request_forgery_protection.rb:211:in `handle_unverified_request'
actionpack (6.1.4.1) lib/action_controller/metal/request_forgery_protection.rb:243:in `handle_unverified_request'
actionpack (6.1.4.1) lib/action_controller/metal/request_forgery_protection.rb:238:in `verify_authenticity_token'
activesupport (6.1.4.1) lib/active_support/callbacks.rb:427:in `block in make_lambda'
activesupport (6.1.4.1) lib/active_support/callbacks.rb:198:in `block (2 levels) in halting'
actionpack (6.1.4.1) lib/abstract_controller/callbacks.rb:34:in `block (2 levels) in <module:Callbacks>'
activesupport (6.1.4.1) lib/active_support/callbacks.rb:199:in `block in halting'
activesupport (6.1.4.1) lib/active_support/callbacks.rb:512:in `block in invoke_before'
activesupport (6.1.4.1) lib/active_support/callbacks.rb:512:in `each'
activesupport (6.1.4.1) lib/active_support/callbacks.rb:512:in `invoke_before'
activesupport (6.1.4.1) lib/active_support/callbacks.rb:105:in `run_callbacks'
actionpack (6.1.4.1) lib/abstract_controller/callbacks.rb:41:in `process_action'
actionpack (6.1.4.1) lib/action_controller/metal/rescue.rb:22:in `process_action'
actionpack (6.1.4.1) lib/action_controller/metal/instrumentation.rb:34:in `block in process_action'
activesupport (6.1.4.1) lib/active_support/notifications.rb:203:in `block in instrument'
activesupport (6.1.4.1) lib/active_support/notifications/instrumenter.rb:24:in `instrument'
activesupport (6.1.4.1) lib/active_support/notifications.rb:203:in `instrument'
actionpack (6.1.4.1) lib/action_controller/metal/instrumentation.rb:33:in `process_action'
actionpack (6.1.4.1) lib/action_controller/metal/params_wrapper.rb:249:in `process_action'
activerecord (6.1.4.1) lib/active_record/railties/controller_runtime.rb:27:in `process_action'
actionpack (6.1.4.1) lib/abstract_controller/base.rb:165:in `process'
actionview (6.1.4.1) lib/action_view/rendering.rb:39:in `process'
actionpack (6.1.4.1) lib/action_controller/metal.rb:190:in `dispatch'
actionpack (6.1.4.1) lib/action_controller/metal.rb:254:in `dispatch'
actionpack (6.1.4.1) lib/action_dispatch/routing/route_set.rb:50:in `dispatch'
actionpack (6.1.4.1) lib/action_dispatch/routing/route_set.rb:33:in `serve'
actionpack (6.1.4.1) lib/action_dispatch/journey/router.rb:50:in `block in serve'
actionpack (6.1.4.1) lib/action_dispatch/journey/router.rb:32:in `each'
actionpack (6.1.4.1) lib/action_dispatch/journey/router.rb:32:in `serve'
actionpack (6.1.4.1) lib/action_dispatch/routing/route_set.rb:842:in `call'
rack (2.2.3) lib/rack/tempfile_reaper.rb:15:in `call'
rack (2.2.3) lib/rack/etag.rb:27:in `call'
rack (2.2.3) lib/rack/conditional_get.rb:40:in `call'
rack (2.2.3) lib/rack/head.rb:12:in `call'
actionpack (6.1.4.1) lib/action_dispatch/http/permissions_policy.rb:22:in `call'
actionpack (6.1.4.1) lib/action_dispatch/http/content_security_policy.rb:18:in `call'
rack (2.2.3) lib/rack/session/abstract/id.rb:266:in `context'
rack (2.2.3) lib/rack/session/abstract/id.rb:260:in `call'
actionpack (6.1.4.1) lib/action_dispatch/middleware/cookies.rb:689:in `call'
activerecord (6.1.4.1) lib/active_record/migration.rb:601:in `call'
actionpack (6.1.4.1) lib/action_dispatch/middleware/callbacks.rb:27:in `block in call'
activesupport (6.1.4.1) lib/active_support/callbacks.rb:98:in `run_callbacks'
actionpack (6.1.4.1) lib/action_dispatch/middleware/callbacks.rb:26:in `call'
actionpack (6.1.4.1) lib/action_dispatch/middleware/executor.rb:14:in `call'
actionpack (6.1.4.1) lib/action_dispatch/middleware/actionable_exceptions.rb:18:in `call'
actionpack (6.1.4.1) lib/action_dispatch/middleware/debug_exceptions.rb:29:in `call'
web-console (4.1.0) lib/web_console/middleware.rb:132:in `call_app'
web-console (4.1.0) lib/web_console/middleware.rb:28:in `block in call'
web-console (4.1.0) lib/web_console/middleware.rb:17:in `catch'
web-console (4.1.0) lib/web_console/middleware.rb:17:in `call'
actionpack (6.1.4.1) lib/action_dispatch/middleware/show_exceptions.rb:33:in `call'
railties (6.1.4.1) lib/rails/rack/logger.rb:37:in `call_app'
railties (6.1.4.1) lib/rails/rack/logger.rb:26:in `block in call'
activesupport (6.1.4.1) lib/active_support/tagged_logging.rb:99:in `block in tagged'
activesupport (6.1.4.1) lib/active_support/tagged_logging.rb:37:in `tagged'
activesupport (6.1.4.1) lib/active_support/tagged_logging.rb:99:in `tagged'
railties (6.1.4.1) lib/rails/rack/logger.rb:26:in `call'
sprockets-rails (3.2.2) lib/sprockets/rails/quiet_assets.rb:13:in `call'
actionpack (6.1.4.1) lib/action_dispatch/middleware/remote_ip.rb:81:in `call'
actionpack (6.1.4.1) lib/action_dispatch/middleware/request_id.rb:26:in `call'
rack (2.2.3) lib/rack/method_override.rb:24:in `call'
rack (2.2.3) lib/rack/runtime.rb:22:in `call'
activesupport (6.1.4.1) lib/active_support/cache/strategy/local_cache_middleware.rb:29:in `call'
actionpack (6.1.4.1) lib/action_dispatch/middleware/executor.rb:14:in `call'
actionpack (6.1.4.1) lib/action_dispatch/middleware/static.rb:24:in `call'
rack (2.2.3) lib/rack/sendfile.rb:110:in `call'
actionpack (6.1.4.1) lib/action_dispatch/middleware/host_authorization.rb:98:in `call'
rack-mini-profiler (2.3.3) lib/mini_profiler/profiler.rb:393:in `call'
rack-cors (1.1.1) lib/rack/cors.rb:100:in `call'
webpacker (5.4.3) lib/webpacker/dev_server_proxy.rb:25:in `perform_request'
rack-proxy (0.7.0) lib/rack/proxy.rb:63:in `call'
railties (6.1.4.1) lib/rails/engine.rb:539:in `call'
puma (5.5.2) lib/puma/configuration.rb:249:in `call'
puma (5.5.2) lib/puma/request.rb:77:in `block in handle_request'
puma (5.5.2) lib/puma/thread_pool.rb:340:in `with_force_shutdown'
puma (5.5.2) lib/puma/request.rb:76:in `handle_request'
puma (5.5.2) lib/puma/server.rb:447:in `process_client'
puma (5.5.2) lib/puma/thread_pool.rb:147:in `block in spawn_thread'
