Started GET "/" for 127.0.0.1 at 2021-11-04 14:05:46 +1100
Processing by PagesController#home as HTML
  Rendering pages/home.html.erb within layouts/application
  Rendered pages/home.html.erb within layouts/application (2.9ms)
Completed 200 OK in 1589ms (Views: 1557.1ms | ActiveRecord: 0.0ms)


Started GET "/api/time" for 127.0.0.1 at 2021-11-04 14:05:49 +1100
Processing by DashboardController#time as HTML
  Rendering text template
  Rendered text template (0.0ms)
Completed 200 OK in 3ms (Views: 2.5ms | ActiveRecord: 0.0ms)


Started GET "/api/time" for 127.0.0.1 at 2021-11-04 14:05:50 +1100
Processing by DashboardController#time as HTML
  Rendering text template
  Rendered text template (0.0ms)
Completed 200 OK in 1ms (Views: 0.4ms | ActiveRecord: 0.0ms)


Started GET "/api/calls" for 127.0.0.1 at 2021-11-04 14:05:51 +1100
Processing by DashboardController#calls as HTML
  Rendering text template
  Rendered text template (0.0ms)
Completed 200 OK in 1ms (Views: 0.5ms | ActiveRecord: 0.0ms)


Started GET "/api/time" for 127.0.0.1 at 2021-11-04 14:05:51 +1100
Processing by DashboardController#time as HTML
  Rendering text template
  Rendered text template (0.0ms)
Completed 200 OK in 1ms (Views: 0.4ms | ActiveRecord: 0.0ms)


Started GET "/api/bushfires" for 127.0.0.1 at 2021-11-04 14:05:52 +1100
Processing by DashboardController#bushfires as HTML
Started GET "/api/brother" for 127.0.0.1 at 2021-11-04 14:05:52 +1100
  Rendering text template
Started GET "/api/time" for 127.0.0.1 at 2021-11-04 14:05:52 +1100
Processing by DashboardController#brother as HTML
  Rendered text template (0.0ms)
  Rendering text template
Completed 200 OK in 16ms (Views: 14.5ms | ActiveRecord: 0.0ms)


Processing by DashboardController#time as HTML
  Rendered text template (0.0ms)
Completed 200 OK in 4ms (Views: 2.8ms | ActiveRecord: 0.0ms)


  Rendering text template
  Rendered text template (0.0ms)
Completed 200 OK in 4ms (Views: 3.9ms | ActiveRecord: 0.0ms)


Started GET "/api/time" for 127.0.0.1 at 2021-11-04 14:05:53 +1100
Processing by DashboardController#time as HTML
  Rendering text template
  Rendered text template (0.0ms)
Completed 200 OK in 1ms (Views: 0.9ms | ActiveRecord: 0.0ms)


Started GET "/api/calls" for 127.0.0.1 at 2021-11-04 14:05:54 +1100
Processing by DashboardController#calls as HTML
Started GET "/api/time" for 127.0.0.1 at 2021-11-04 14:05:54 +1100
Processing by DashboardController#time as HTML
  Rendering text template
  Rendered text template (0.0ms)
  Rendering text template
Completed 200 OK in 8ms (Views: 1.7ms | ActiveRecord: 0.0ms)


  Rendered text template (0.0ms)
Completed 200 OK in 6ms (Views: 1.3ms | ActiveRecord: 0.0ms)


Started GET "/" for 127.0.0.1 at 2021-11-04 14:05:55 +1100
Processing by PagesController#home as HTML
Started GET "/api/time" for 127.0.0.1 at 2021-11-04 14:05:55 +1100
Processing by DashboardController#time as HTML
  Rendering text template
  Rendered text template (0.0ms)
Completed 200 OK in 2ms (Views: 1.4ms | ActiveRecord: 0.0ms)


  Rendering pages/home.html.erb within layouts/application
  Rendered pages/home.html.erb within layouts/application (1.4ms)
Completed 200 OK in 282ms (Views: 230.9ms | ActiveRecord: 0.0ms)


Started GET "/api/time" for 127.0.0.1 at 2021-11-04 14:05:56 +1100
Processing by DashboardController#time as HTML
  Rendering text template
  Rendered text template (0.0ms)
Completed 200 OK in 1ms (Views: 0.4ms | ActiveRecord: 0.0ms)


Started GET "/api/time" for 127.0.0.1 at 2021-11-04 14:05:57 +1100
Processing by DashboardController#time as HTML
  Rendering text template
  Rendered text template (0.0ms)
Completed 200 OK in 1ms (Views: 0.5ms | ActiveRecord: 0.0ms)


Started GET "/api/time" for 127.0.0.1 at 2021-11-04 14:05:58 +1100
Started GET "/api/calls" for 127.0.0.1 at 2021-11-04 14:05:58 +1100
Processing by DashboardController#time as HTML
Processing by DashboardController#calls as HTML
  Rendering text template
  Rendered text template (0.0ms)
Completed 200 OK in 1ms (Views: 0.6ms | ActiveRecord: 0.0ms)


  Rendering text template
  Rendered text template (0.0ms)
Completed 200 OK in 3ms (Views: 2.9ms | ActiveRecord: 0.0ms)


Started GET "/api/brother" for 127.0.0.1 at 2021-11-04 14:05:59 +1100
Processing by DashboardController#brother as HTML
  Rendering text template
  Rendered text template (0.0ms)
Completed 200 OK in 2ms (Views: 0.4ms | ActiveRecord: 0.0ms)


Started GET "/api/bushfires" for 127.0.0.1 at 2021-11-04 14:05:59 +1100
Processing by DashboardController#bushfires as HTML
  Rendering text template
  Rendered text template (0.0ms)
Completed 200 OK in 1ms (Views: 0.4ms | ActiveRecord: 0.0ms)


Started GET "/api/time" for 127.0.0.1 at 2021-11-04 14:05:59 +1100
Processing by DashboardController#time as HTML
  Rendering text template
  Rendered text template (0.3ms)
Completed 200 OK in 3ms (Views: 2.1ms | ActiveRecord: 0.0ms)


Started GET "/api/time" for 127.0.0.1 at 2021-11-04 14:06:01 +1100
Processing by DashboardController#time as HTML
  Rendering text template
  Rendered text template (0.0ms)
Completed 200 OK in 1ms (Views: 0.4ms | ActiveRecord: 0.0ms)


Started GET "/api/time" for 127.0.0.1 at 2021-11-04 14:06:02 +1100
Started GET "/api/calls" for 127.0.0.1 at 2021-11-04 14:06:02 +1100
Processing by DashboardController#time as HTML
Processing by DashboardController#calls as HTML
  Rendering text template
  Rendered text template (0.0ms)
Completed 200 OK in 3ms (Views: 0.5ms | ActiveRecord: 0.0ms)


  Rendering text template
  Rendered text template (0.1ms)
Completed 200 OK in 4ms (Views: 1.5ms | ActiveRecord: 0.0ms)


Started GET "/api/time" for 127.0.0.1 at 2021-11-04 14:06:03 +1100
Processing by DashboardController#time as HTML
  Rendering text template
  Rendered text template (0.0ms)
Completed 200 OK in 1ms (Views: 0.5ms | ActiveRecord: 0.0ms)


Started GET "/api/brother" for 127.0.0.1 at 2021-11-04 14:06:04 +1100
Started GET "/api/bushfires" for 127.0.0.1 at 2021-11-04 14:06:04 +1100
Started GET "/api/time" for 127.0.0.1 at 2021-11-04 14:06:04 +1100
Processing by DashboardController#brother as HTML
Processing by DashboardController#time as HTML
  Rendering text template
Processing by DashboardController#bushfires as HTML
  Rendering text template
  Rendered text template (0.0ms)
  Rendering text template
  Rendered text template (0.0ms)
Completed 200 OK in 3ms (Views: 2.7ms | ActiveRecord: 0.0ms)


  Rendered text template (0.0ms)
Completed 200 OK in 2ms (Views: 1.3ms | ActiveRecord: 0.0ms)


Completed 200 OK in 2ms (Views: 1.4ms | ActiveRecord: 0.0ms)


Started GET "/api/calls" for 127.0.0.1 at 2021-11-04 14:06:05 +1100
Processing by DashboardController#calls as HTML
  Rendering text template
  Rendered text template (0.0ms)
Completed 200 OK in 2ms (Views: 0.6ms | ActiveRecord: 0.0ms)


Started GET "/api/time" for 127.0.0.1 at 2021-11-04 14:06:05 +1100
Processing by DashboardController#time as HTML
  Rendering text template
  Rendered text template (0.0ms)
Completed 200 OK in 1ms (Views: 0.4ms | ActiveRecord: 0.0ms)


Started GET "/api/time" for 127.0.0.1 at 2021-11-04 14:06:06 +1100
Processing by DashboardController#time as HTML
  Rendering text template
  Rendered text template (0.0ms)
Completed 200 OK in 1ms (Views: 0.4ms | ActiveRecord: 0.0ms)


Started GET "/api/time" for 127.0.0.1 at 2021-11-04 14:06:07 +1100
Started GET "/api/uptime" for 127.0.0.1 at 2021-11-04 14:06:07 +1100
Processing by DashboardController#uptime as HTML
Processing by DashboardController#time as HTML
  Rendering text template
  Rendering text template
  Rendered text template (0.0ms)
  Rendered text template (0.0ms)
Completed 200 OK in 8ms (Views: 2.5ms | ActiveRecord: 0.0ms)


Completed 200 OK in 18ms (Views: 1.8ms | ActiveRecord: 0.0ms)


Started GET "/api/brother" for 127.0.0.1 at 2021-11-04 14:06:08 +1100
Processing by DashboardController#brother as HTML
  Rendering text template
  Rendered text template (0.0ms)
Completed 200 OK in 4ms (Views: 3.0ms | ActiveRecord: 0.0ms)


Started GET "/api/bushfires" for 127.0.0.1 at 2021-11-04 14:06:08 +1100
Processing by DashboardController#bushfires as HTML
  Rendering text template
Started GET "/api/calls" for 127.0.0.1 at 2021-11-04 14:06:08 +1100
  Rendered text template (0.0ms)
Completed 200 OK in 3ms (Views: 1.8ms | ActiveRecord: 0.0ms)


Processing by DashboardController#calls as HTML
  Rendering text template
  Rendered text template (1.0ms)
Completed 200 OK in 4ms (Views: 3.0ms | ActiveRecord: 0.0ms)


Started GET "/api/time" for 127.0.0.1 at 2021-11-04 14:06:09 +1100
Processing by DashboardController#time as HTML
  Rendering text template
  Rendered text template (0.0ms)
Completed 200 OK in 1ms (Views: 0.4ms | ActiveRecord: 0.0ms)


Started GET "/api/time" for 127.0.0.1 at 2021-11-04 14:06:10 +1100
Processing by DashboardController#time as HTML
  Rendering text template
  Rendered text template (0.0ms)
Completed 200 OK in 1ms (Views: 0.3ms | ActiveRecord: 0.0ms)


Started GET "/api/calls" for 127.0.0.1 at 2021-11-04 14:06:11 +1100
Started GET "/api/time" for 127.0.0.1 at 2021-11-04 14:06:11 +1100
Processing by DashboardController#time as HTML
  Rendering text template
Processing by DashboardController#calls as HTML
  Rendering text template
  Rendered text template (0.0ms)
  Rendered text template (0.0ms)
Completed 200 OK in 5ms (Views: 3.5ms | ActiveRecord: 0.0ms)


Completed 200 OK in 1ms (Views: 0.8ms | ActiveRecord: 0.0ms)


Started GET "/api/brother" for 127.0.0.1 at 2021-11-04 14:06:12 +1100
Processing by DashboardController#brother as HTML
  Rendering text template
  Rendered text template (0.1ms)
Completed 200 OK in 7ms (Views: 3.1ms | ActiveRecord: 0.0ms)


Started GET "/api/bushfires" for 127.0.0.1 at 2021-11-04 14:06:12 +1100
Processing by DashboardController#bushfires as HTML
  Rendering text template
  Rendered text template (0.0ms)
Completed 200 OK in 1ms (Views: 0.4ms | ActiveRecord: 0.0ms)


Started GET "/api/time" for 127.0.0.1 at 2021-11-04 14:06:12 +1100
Processing by DashboardController#time as HTML
  Rendering text template
  Rendered text template (0.0ms)
Completed 200 OK in 1ms (Views: 0.4ms | ActiveRecord: 0.0ms)


Started GET "/api/time" for 127.0.0.1 at 2021-11-04 14:06:13 +1100
Processing by DashboardController#time as HTML
  Rendering text template
  Rendered text template (0.0ms)
Completed 200 OK in 1ms (Views: 0.5ms | ActiveRecord: 0.0ms)


Started GET "/api/time" for 127.0.0.1 at 2021-11-04 14:06:14 +1100
Processing by DashboardController#time as HTML
  Rendering text template
  Rendered text template (0.0ms)
Completed 200 OK in 1ms (Views: 0.4ms | ActiveRecord: 0.0ms)


Started GET "/api/calls" for 127.0.0.1 at 2021-11-04 14:06:14 +1100
Processing by DashboardController#calls as HTML
  Rendering text template
  Rendered text template (0.0ms)
Completed 200 OK in 1ms (Views: 0.4ms | ActiveRecord: 0.0ms)


Started GET "/api/time" for 127.0.0.1 at 2021-11-04 14:06:15 +1100
Processing by DashboardController#time as HTML
  Rendering text template
  Rendered text template (0.0ms)
Completed 200 OK in 3ms (Views: 0.4ms | ActiveRecord: 0.0ms)


Started GET "/api/brother" for 127.0.0.1 at 2021-11-04 14:06:16 +1100
Processing by DashboardController#brother as HTML
  Rendering text template
  Rendered text template (0.0ms)
Completed 200 OK in 1ms (Views: 0.8ms | ActiveRecord: 0.0ms)


Started GET "/api/bushfires" for 127.0.0.1 at 2021-11-04 14:06:16 +1100
Started GET "/api/time" for 127.0.0.1 at 2021-11-04 14:06:16 +1100
Processing by DashboardController#time as HTML
  Rendering text template
  Rendered text template (0.1ms)
Processing by DashboardController#bushfires as HTML
Completed 200 OK in 5ms (Views: 5.0ms | ActiveRecord: 0.0ms)


  Rendering text template
  Rendered text template (0.1ms)
Completed 200 OK in 2ms (Views: 1.6ms | ActiveRecord: 0.0ms)


Started GET "/api/calls" for 127.0.0.1 at 2021-11-04 14:06:17 +1100
Processing by DashboardController#calls as HTML
  Rendering text template
  Rendered text template (0.0ms)
Completed 200 OK in 1ms (Views: 0.6ms | ActiveRecord: 0.0ms)


Started GET "/api/uptime" for 127.0.0.1 at 2021-11-04 14:06:18 +1100
Started GET "/api/time" for 127.0.0.1 at 2021-11-04 14:06:18 +1100
Processing by DashboardController#time as HTML
  Rendering text template
  Rendered text template (0.0ms)
Completed 200 OK in 1ms (Views: 0.6ms | ActiveRecord: 0.0ms)


Processing by DashboardController#uptime as HTML
  Rendering text template
  Rendered text template (0.0ms)
Completed 200 OK in 15ms (Views: 2.0ms | ActiveRecord: 0.0ms)


Started GET "/api/time" for 127.0.0.1 at 2021-11-04 14:06:19 +1100
Processing by DashboardController#time as HTML
  Rendering text template
  Rendered text template (0.0ms)
Completed 200 OK in 1ms (Views: 0.4ms | ActiveRecord: 0.0ms)


Started GET "/api/brother" for 127.0.0.1 at 2021-11-04 14:06:20 +1100
Processing by DashboardController#brother as HTML
Started GET "/api/bushfires" for 127.0.0.1 at 2021-11-04 14:06:20 +1100
Processing by DashboardController#bushfires as HTML
  Rendering text template
  Rendered text template (0.0ms)
Started GET "/api/calls" for 127.0.0.1 at 2021-11-04 14:06:20 +1100
Completed 200 OK in 4ms (Views: 2.9ms | ActiveRecord: 0.0ms)


Processing by DashboardController#calls as HTML
  Rendering text template
  Rendered text template (0.0ms)
  Rendering text template
  Rendered text template (0.0ms)
Completed 200 OK in 5ms (Views: 4.4ms | ActiveRecord: 0.0ms)


Completed 200 OK in 11ms (Views: 5.0ms | ActiveRecord: 0.0ms)


Started GET "/api/time" for 127.0.0.1 at 2021-11-04 14:06:20 +1100
Processing by DashboardController#time as HTML
  Rendering text template
  Rendered text template (0.0ms)
Completed 200 OK in 3ms (Views: 1.8ms | ActiveRecord: 0.0ms)


Started GET "/api/time" for 127.0.0.1 at 2021-11-04 14:06:21 +1100
Processing by DashboardController#time as HTML
  Rendering text template
  Rendered text template (0.0ms)
Completed 200 OK in 1ms (Views: 0.4ms | ActiveRecord: 0.0ms)


Started GET "/api/time" for 127.0.0.1 at 2021-11-04 14:06:22 +1100
Processing by DashboardController#time as HTML
  Rendering text template
  Rendered text template (0.0ms)
Completed 200 OK in 1ms (Views: 0.6ms | ActiveRecord: 0.0ms)


Started GET "/api/calls" for 127.0.0.1 at 2021-11-04 14:06:23 +1100
Started GET "/api/time" for 127.0.0.1 at 2021-11-04 14:06:23 +1100
Processing by DashboardController#calls as HTML
  Rendering text template
Processing by DashboardController#time as HTML
  Rendered text template (0.0ms)
Completed 200 OK in 2ms (Views: 1.9ms | ActiveRecord: 0.0ms)


  Rendering text template
  Rendered text template (0.0ms)
Completed 200 OK in 3ms (Views: 2.7ms | ActiveRecord: 0.0ms)


Started GET "/api/brother" for 127.0.0.1 at 2021-11-04 14:06:24 +1100
Processing by DashboardController#brother as HTML
  Rendering text template
  Rendered text template (0.0ms)
Completed 200 OK in 1ms (Views: 0.4ms | ActiveRecord: 0.0ms)


Started GET "/api/bushfires" for 127.0.0.1 at 2021-11-04 14:06:24 +1100
Processing by DashboardController#bushfires as HTML
  Rendering text template
  Rendered text template (0.1ms)
Completed 200 OK in 2ms (Views: 1.7ms | ActiveRecord: 0.0ms)


Started GET "/api/time" for 127.0.0.1 at 2021-11-04 14:06:25 +1100
Processing by DashboardController#time as HTML
  Rendering text template
  Rendered text template (0.0ms)
Completed 200 OK in 1ms (Views: 0.6ms | ActiveRecord: 0.0ms)


Started GET "/api/calls" for 127.0.0.1 at 2021-11-04 14:06:26 +1100
Started GET "/api/time" for 127.0.0.1 at 2021-11-04 14:06:26 +1100
Processing by DashboardController#calls as HTML
Processing by DashboardController#time as HTML
  Rendering text template
  Rendered text template (0.0ms)
  Rendering text template
  Rendered text template (0.0ms)
Completed 200 OK in 1ms (Views: 0.4ms | ActiveRecord: 0.0ms)


Completed 200 OK in 2ms (Views: 1.3ms | ActiveRecord: 0.0ms)


Started GET "/api/time" for 127.0.0.1 at 2021-11-04 14:06:27 +1100
Processing by DashboardController#time as HTML
  Rendering text template
  Rendered text template (0.0ms)
Completed 200 OK in 1ms (Views: 0.4ms | ActiveRecord: 0.0ms)


Started GET "/api/brother" for 127.0.0.1 at 2021-11-04 14:06:28 +1100
Processing by DashboardController#brother as HTML
  Rendering text template
  Rendered text template (0.0ms)
Completed 200 OK in 6ms (Views: 5.0ms | ActiveRecord: 0.0ms)


Started GET "/api/time" for 127.0.0.1 at 2021-11-04 14:06:28 +1100
Started GET "/api/bushfires" for 127.0.0.1 at 2021-11-04 14:06:28 +1100
Processing by DashboardController#bushfires as HTML
  Rendering text template
  Rendered text template (0.0ms)
Completed 200 OK in 1ms (Views: 0.3ms | ActiveRecord: 0.0ms)


Processing by DashboardController#time as HTML
  Rendering text template
  Rendered text template (0.0ms)
Completed 200 OK in 2ms (Views: 0.6ms | ActiveRecord: 0.0ms)


Started GET "/api/uptime" for 127.0.0.1 at 2021-11-04 14:06:29 +1100
Started GET "/api/calls" for 127.0.0.1 at 2021-11-04 14:06:29 +1100
Processing by DashboardController#calls as HTML
  Rendering text template
  Rendered text template (0.0ms)
Completed 200 OK in 3ms (Views: 0.7ms | ActiveRecord: 0.0ms)


Processing by DashboardController#uptime as HTML
  Rendering text template
  Rendered text template (0.2ms)
Completed 200 OK in 17ms (Views: 4.9ms | ActiveRecord: 0.0ms)


Started GET "/api/time" for 127.0.0.1 at 2021-11-04 14:06:30 +1100
Processing by DashboardController#time as HTML
  Rendering text template
  Rendered text template (0.0ms)
Completed 200 OK in 1ms (Views: 0.5ms | ActiveRecord: 0.0ms)


Started GET "/api/time" for 127.0.0.1 at 2021-11-04 14:06:31 +1100
Processing by DashboardController#time as HTML
  Rendering text template
  Rendered text template (0.0ms)
Completed 200 OK in 1ms (Views: 1.0ms | ActiveRecord: 0.0ms)


Started GET "/api/brother" for 127.0.0.1 at 2021-11-04 14:06:32 +1100
Processing by DashboardController#brother as HTML
  Rendering text template
  Rendered text template (0.0ms)
Completed 200 OK in 2ms (Views: 0.8ms | ActiveRecord: 0.0ms)


Started GET "/api/bushfires" for 127.0.0.1 at 2021-11-04 14:06:32 +1100
Started GET "/api/calls" for 127.0.0.1 at 2021-11-04 14:06:32 +1100
Processing by DashboardController#bushfires as HTML
Processing by DashboardController#calls as HTML
Started GET "/api/time" for 127.0.0.1 at 2021-11-04 14:06:32 +1100
  Rendering text template
  Rendering text template
  Rendered text template (0.1ms)
Processing by DashboardController#time as HTML
  Rendered text template (0.0ms)
Completed 200 OK in 3ms (Views: 2.3ms | ActiveRecord: 0.0ms)


  Rendering text template
  Rendered text template (0.0ms)
Completed 200 OK in 1ms (Views: 1.0ms | ActiveRecord: 0.0ms)


Completed 200 OK in 2ms (Views: 2.0ms | ActiveRecord: 0.0ms)


Started GET "/api/time" for 127.0.0.1 at 2021-11-04 14:06:33 +1100
Processing by DashboardController#time as HTML
  Rendering text template
  Rendered text template (0.0ms)
Completed 200 OK in 1ms (Views: 0.4ms | ActiveRecord: 0.0ms)


Started GET "/api/time" for 127.0.0.1 at 2021-11-04 14:06:34 +1100
Processing by DashboardController#time as HTML
  Rendering text template
  Rendered text template (0.0ms)
Completed 200 OK in 4ms (Views: 0.4ms | ActiveRecord: 0.0ms)


Started GET "/api/calls" for 127.0.0.1 at 2021-11-04 14:06:35 +1100
Processing by DashboardController#calls as HTML
  Rendering text template
  Rendered text template (0.0ms)
Completed 200 OK in 1ms (Views: 0.4ms | ActiveRecord: 0.0ms)


Started GET "/api/time" for 127.0.0.1 at 2021-11-04 14:06:35 +1100
Processing by DashboardController#time as HTML
  Rendering text template
  Rendered text template (0.0ms)
Completed 200 OK in 1ms (Views: 1.0ms | ActiveRecord: 0.0ms)


Started GET "/api/brother" for 127.0.0.1 at 2021-11-04 14:06:36 +1100
Processing by DashboardController#brother as HTML
  Rendering text template
  Rendered text template (0.0ms)
Completed 200 OK in 1ms (Views: 0.4ms | ActiveRecord: 0.0ms)


Started GET "/api/bushfires" for 127.0.0.1 at 2021-11-04 14:06:36 +1100
Processing by DashboardController#bushfires as HTML
Started GET "/api/time" for 127.0.0.1 at 2021-11-04 14:06:36 +1100
Processing by DashboardController#time as HTML
  Rendering text template
  Rendered text template (0.0ms)
Completed 200 OK in 8ms (Views: 1.4ms | ActiveRecord: 0.0ms)


  Rendering text template
  Rendered text template (0.0ms)
Completed 200 OK in 18ms (Views: 17.7ms | ActiveRecord: 0.0ms)


Started GET "/api/time" for 127.0.0.1 at 2021-11-04 14:06:37 +1100
Processing by DashboardController#time as HTML
  Rendering text template
  Rendered text template (0.0ms)
Completed 200 OK in 1ms (Views: 0.4ms | ActiveRecord: 0.0ms)


Started GET "/api/time" for 127.0.0.1 at 2021-11-04 14:06:38 +1100
Started GET "/api/calls" for 127.0.0.1 at 2021-11-04 14:06:38 +1100
Processing by DashboardController#time as HTML
Processing by DashboardController#calls as HTML
  Rendering text template
  Rendering text template
  Rendered text template (0.0ms)
  Rendered text template (0.0ms)
Completed 200 OK in 2ms (Views: 1.1ms | ActiveRecord: 0.0ms)


Completed 200 OK in 1ms (Views: 0.7ms | ActiveRecord: 0.0ms)


Started GET "/api/time" for 127.0.0.1 at 2021-11-04 14:06:39 +1100
Processing by DashboardController#time as HTML
  Rendering text template
  Rendered text template (0.0ms)
Completed 200 OK in 1ms (Views: 0.4ms | ActiveRecord: 0.0ms)


Started GET "/api/uptime" for 127.0.0.1 at 2021-11-04 14:06:40 +1100
Processing by DashboardController#uptime as HTML
Started GET "/api/time" for 127.0.0.1 at 2021-11-04 14:06:40 +1100
Processing by DashboardController#time as HTML
  Rendering text template
  Rendered text template (0.0ms)
Completed 200 OK in 2ms (Views: 1.3ms | ActiveRecord: 0.0ms)


Started GET "/api/brother" for 127.0.0.1 at 2021-11-04 14:06:40 +1100
Started GET "/api/bushfires" for 127.0.0.1 at 2021-11-04 14:06:40 +1100
Processing by DashboardController#bushfires as HTML
  Rendering text template
  Rendered text template (0.0ms)
  Rendering text template
  Rendered text template (0.1ms)
Processing by DashboardController#brother as HTML
Completed 200 OK in 2ms (Views: 1.7ms | ActiveRecord: 0.0ms)


Completed 200 OK in 38ms (Views: 4.5ms | ActiveRecord: 0.0ms)


  Rendering text template
  Rendered text template (0.0ms)
Completed 200 OK in 5ms (Views: 4.5ms | ActiveRecord: 0.0ms)


Started GET "/api/calls" for 127.0.0.1 at 2021-11-04 14:06:41 +1100
Processing by DashboardController#calls as HTML
  Rendering text template
  Rendered text template (0.0ms)
Completed 200 OK in 1ms (Views: 0.4ms | ActiveRecord: 0.0ms)


Started GET "/api/time" for 127.0.0.1 at 2021-11-04 14:06:42 +1100
Processing by DashboardController#time as HTML
  Rendering text template
  Rendered text template (0.0ms)
Completed 200 OK in 1ms (Views: 0.4ms | ActiveRecord: 0.0ms)


Started GET "/api/time" for 127.0.0.1 at 2021-11-04 14:06:43 +1100
Processing by DashboardController#time as HTML
  Rendering text template
  Rendered text template (0.0ms)
Completed 200 OK in 3ms (Views: 2.4ms | ActiveRecord: 0.0ms)


Started GET "/api/calls" for 127.0.0.1 at 2021-11-04 14:06:44 +1100
Processing by DashboardController#calls as HTML
  Rendering text template
  Rendered text template (0.1ms)
Completed 200 OK in 3ms (Views: 1.0ms | ActiveRecord: 0.0ms)


Started GET "/api/brother" for 127.0.0.1 at 2021-11-04 14:06:44 +1100
Processing by DashboardController#brother as HTML
  Rendering text template
  Rendered text template (0.0ms)
Completed 200 OK in 2ms (Views: 0.5ms | ActiveRecord: 0.0ms)


Started GET "/api/time" for 127.0.0.1 at 2021-11-04 14:06:44 +1100
Processing by DashboardController#time as HTML
Started GET "/api/bushfires" for 127.0.0.1 at 2021-11-04 14:06:44 +1100
  Rendering text template
  Rendered text template (0.0ms)
Completed 200 OK in 3ms (Views: 2.3ms | ActiveRecord: 0.0ms)


Processing by DashboardController#bushfires as HTML
  Rendering text template
  Rendered text template (0.0ms)
Completed 200 OK in 1ms (Views: 0.4ms | ActiveRecord: 0.0ms)


Started GET "/" for 127.0.0.1 at 2021-11-04 14:06:44 +1100
Processing by PagesController#home as HTML
  Rendering pages/home.html.erb within layouts/application
  Rendered pages/home.html.erb within layouts/application (2.8ms)
Completed 200 OK in 446ms (Views: 415.7ms | ActiveRecord: 0.0ms)


Started GET "/api/info" for 127.0.0.1 at 2021-11-04 14:06:45 +1100
Processing by DashboardController#info as JSON
Completed 200 OK in 23ms (Views: 4.5ms | ActiveRecord: 0.0ms)


Started GET "/" for 127.0.0.1 at 2021-11-04 14:08:28 +1100
Processing by PagesController#home as HTML
  Rendering pages/home.html.erb within layouts/application
  Rendered pages/home.html.erb within layouts/application (6.5ms)
Completed 200 OK in 280ms (Views: 222.1ms | ActiveRecord: 0.0ms)


Started GET "/api/info" for 127.0.0.1 at 2021-11-04 14:08:28 +1100
Processing by DashboardController#info as JSON
Completed 200 OK in 18ms (Views: 2.7ms | ActiveRecord: 0.0ms)


Started GET "/" for 127.0.0.1 at 2021-11-04 14:08:30 +1100
Processing by PagesController#home as HTML
  Rendering pages/home.html.erb within layouts/application
  Rendered pages/home.html.erb within layouts/application (2.4ms)
Completed 200 OK in 82ms (Views: 58.9ms | ActiveRecord: 0.0ms)


Started GET "/api/info" for 127.0.0.1 at 2021-11-04 14:08:31 +1100
Processing by DashboardController#info as JSON
Completed 200 OK in 20ms (Views: 5.6ms | ActiveRecord: 0.0ms)


Started GET "/" for 127.0.0.1 at 2021-11-04 14:08:32 +1100
Processing by PagesController#home as HTML
  Rendering pages/home.html.erb within layouts/application
  Rendered pages/home.html.erb within layouts/application (2.0ms)
Completed 200 OK in 52ms (Views: 36.4ms | ActiveRecord: 0.0ms)


Started GET "/api/info" for 127.0.0.1 at 2021-11-04 14:08:32 +1100
Processing by DashboardController#info as JSON
Completed 200 OK in 30ms (Views: 1.4ms | ActiveRecord: 0.0ms)


Started GET "/" for 127.0.0.1 at 2021-11-04 14:10:40 +1100
Processing by PagesController#home as HTML
  Rendering pages/home.html.erb within layouts/application
  Rendered pages/home.html.erb within layouts/application (3.1ms)
Completed 200 OK in 276ms (Views: 254.9ms | ActiveRecord: 0.0ms)


Started GET "/api/info" for 127.0.0.1 at 2021-11-04 14:10:41 +1100
Processing by DashboardController#info as JSON
Completed 200 OK in 18ms (Views: 4.3ms | ActiveRecord: 0.0ms)


Started GET "/" for 127.0.0.1 at 2021-11-04 14:11:12 +1100
Processing by PagesController#home as HTML
  Rendering pages/home.html.erb within layouts/application
  Rendered pages/home.html.erb within layouts/application (1.6ms)
Completed 200 OK in 150ms (Views: 126.1ms | ActiveRecord: 0.0ms)


Started GET "/api/info" for 127.0.0.1 at 2021-11-04 14:11:16 +1100
Processing by DashboardController#info as JSON
Completed 200 OK in 12ms (Views: 2.4ms | ActiveRecord: 0.0ms)


Started GET "/api/info" for 127.0.0.1 at 2021-11-04 14:11:19 +1100
Processing by DashboardController#info as JSON
Completed 200 OK in 12ms (Views: 1.8ms | ActiveRecord: 0.0ms)


Started GET "/api/info" for 127.0.0.1 at 2021-11-04 14:11:22 +1100
Processing by DashboardController#info as JSON
Completed 200 OK in 11ms (Views: 1.9ms | ActiveRecord: 0.0ms)


Started GET "/api/info" for 127.0.0.1 at 2021-11-04 14:11:25 +1100
Processing by DashboardController#info as JSON
Completed 200 OK in 20ms (Views: 1.9ms | ActiveRecord: 0.0ms)


Started GET "/api/info" for 127.0.0.1 at 2021-11-04 14:11:28 +1100
Processing by DashboardController#info as JSON
Completed 200 OK in 17ms (Views: 1.7ms | ActiveRecord: 0.0ms)


Started GET "/api/info" for 127.0.0.1 at 2021-11-04 14:11:31 +1100
Processing by DashboardController#info as JSON
Completed 200 OK in 10ms (Views: 1.8ms | ActiveRecord: 0.0ms)


Started GET "/api/info" for 127.0.0.1 at 2021-11-04 14:11:34 +1100
Processing by DashboardController#info as JSON
Completed 200 OK in 31ms (Views: 2.5ms | ActiveRecord: 0.0ms)


Started GET "/api/info" for 127.0.0.1 at 2021-11-04 14:11:38 +1100
Processing by DashboardController#info as JSON
Completed 200 OK in 41ms (Views: 4.9ms | ActiveRecord: 0.0ms)


Started GET "/api/info" for 127.0.0.1 at 2021-11-04 14:11:41 +1100
Processing by DashboardController#info as JSON
Completed 200 OK in 24ms (Views: 2.1ms | ActiveRecord: 0.0ms)


Started GET "/api/info" for 127.0.0.1 at 2021-11-04 14:11:44 +1100
Processing by DashboardController#info as JSON
Completed 200 OK in 19ms (Views: 3.0ms | ActiveRecord: 0.0ms)


Started GET "/api/info" for 127.0.0.1 at 2021-11-04 14:11:47 +1100
Processing by DashboardController#info as JSON
Completed 200 OK in 16ms (Views: 2.4ms | ActiveRecord: 0.0ms)


Started GET "/api/info" for 127.0.0.1 at 2021-11-04 14:11:50 +1100
Processing by DashboardController#info as JSON
Completed 200 OK in 22ms (Views: 3.4ms | ActiveRecord: 0.0ms)


Started GET "/api/info" for 127.0.0.1 at 2021-11-04 14:11:53 +1100
Processing by DashboardController#info as JSON
Completed 200 OK in 12ms (Views: 2.2ms | ActiveRecord: 0.0ms)


Started GET "/api/info" for 127.0.0.1 at 2021-11-04 14:11:57 +1100
Processing by DashboardController#info as JSON
Completed 200 OK in 16ms (Views: 3.1ms | ActiveRecord: 0.0ms)


Started GET "/api/info" for 127.0.0.1 at 2021-11-04 14:12:00 +1100
Processing by DashboardController#info as JSON
Completed 200 OK in 12ms (Views: 2.4ms | ActiveRecord: 0.0ms)


Started GET "/api/info" for 127.0.0.1 at 2021-11-04 14:12:03 +1100
Processing by DashboardController#info as JSON
Completed 200 OK in 11ms (Views: 2.0ms | ActiveRecord: 0.0ms)


Started GET "/api/info" for 127.0.0.1 at 2021-11-04 14:12:06 +1100
Processing by DashboardController#info as JSON
Completed 200 OK in 10ms (Views: 1.5ms | ActiveRecord: 0.0ms)


Started GET "/api/info" for 127.0.0.1 at 2021-11-04 14:12:09 +1100
Processing by DashboardController#info as JSON
Completed 200 OK in 12ms (Views: 1.5ms | ActiveRecord: 0.0ms)


Started GET "/api/info" for 127.0.0.1 at 2021-11-04 14:12:12 +1100
Processing by DashboardController#info as JSON
Completed 200 OK in 12ms (Views: 1.6ms | ActiveRecord: 0.0ms)


Started GET "/api/info" for 127.0.0.1 at 2021-11-04 14:12:15 +1100
Processing by DashboardController#info as JSON
Completed 200 OK in 13ms (Views: 2.3ms | ActiveRecord: 0.0ms)


Started GET "/api/info" for 127.0.0.1 at 2021-11-04 14:12:18 +1100
Processing by DashboardController#info as JSON
Completed 200 OK in 12ms (Views: 2.6ms | ActiveRecord: 0.0ms)


Started GET "/api/info" for 127.0.0.1 at 2021-11-04 14:12:21 +1100
Processing by DashboardController#info as JSON
Completed 200 OK in 13ms (Views: 2.3ms | ActiveRecord: 0.0ms)


Started GET "/api/info" for 127.0.0.1 at 2021-11-04 14:12:24 +1100
Processing by DashboardController#info as JSON
Completed 200 OK in 13ms (Views: 2.1ms | ActiveRecord: 0.0ms)


Started GET "/api/info" for 127.0.0.1 at 2021-11-04 14:12:27 +1100
Processing by DashboardController#info as JSON
Completed 200 OK in 11ms (Views: 2.0ms | ActiveRecord: 0.0ms)


Started GET "/api/info" for 127.0.0.1 at 2021-11-04 14:12:30 +1100
Processing by DashboardController#info as JSON
Completed 200 OK in 14ms (Views: 2.2ms | ActiveRecord: 0.0ms)


Started GET "/api/info" for 127.0.0.1 at 2021-11-04 14:12:33 +1100
Processing by DashboardController#info as JSON
Completed 200 OK in 12ms (Views: 2.1ms | ActiveRecord: 0.0ms)


Started GET "/api/info" for 127.0.0.1 at 2021-11-04 14:12:36 +1100
Processing by DashboardController#info as JSON
Completed 200 OK in 16ms (Views: 3.2ms | ActiveRecord: 0.0ms)


Started GET "/api/info" for 127.0.0.1 at 2021-11-04 14:12:39 +1100
Processing by DashboardController#info as JSON
Completed 200 OK in 13ms (Views: 2.1ms | ActiveRecord: 0.0ms)


Started GET "/api/info" for 127.0.0.1 at 2021-11-04 14:12:42 +1100
Processing by DashboardController#info as JSON
Completed 200 OK in 12ms (Views: 2.4ms | ActiveRecord: 0.0ms)


Started GET "/api/info" for 127.0.0.1 at 2021-11-04 14:12:45 +1100
Processing by DashboardController#info as JSON
Completed 200 OK in 15ms (Views: 1.9ms | ActiveRecord: 0.0ms)


Started GET "/api/info" for 127.0.0.1 at 2021-11-04 14:12:48 +1100
Processing by DashboardController#info as JSON
Completed 200 OK in 12ms (Views: 2.5ms | ActiveRecord: 0.0ms)


Started GET "/api/info" for 127.0.0.1 at 2021-11-04 14:12:51 +1100
Processing by DashboardController#info as JSON
Completed 200 OK in 12ms (Views: 2.9ms | ActiveRecord: 0.0ms)


Started GET "/api/info" for 127.0.0.1 at 2021-11-04 14:12:54 +1100
Processing by DashboardController#info as JSON
Completed 200 OK in 11ms (Views: 2.0ms | ActiveRecord: 0.0ms)


Started GET "/api/info" for 127.0.0.1 at 2021-11-04 14:12:57 +1100
Processing by DashboardController#info as JSON
Completed 200 OK in 27ms (Views: 4.0ms | ActiveRecord: 0.0ms)


Started GET "/api/info" for 127.0.0.1 at 2021-11-04 14:13:00 +1100
Processing by DashboardController#info as JSON
Completed 200 OK in 35ms (Views: 2.2ms | ActiveRecord: 0.0ms)


Started GET "/api/info" for 127.0.0.1 at 2021-11-04 14:13:03 +1100
Processing by DashboardController#info as JSON
Completed 200 OK in 28ms (Views: 9.9ms | ActiveRecord: 0.0ms)


Started GET "/api/info" for 127.0.0.1 at 2021-11-04 14:13:06 +1100
Processing by DashboardController#info as JSON
Completed 200 OK in 17ms (Views: 2.4ms | ActiveRecord: 0.0ms)


Started GET "/api/info" for 127.0.0.1 at 2021-11-04 14:13:09 +1100
Processing by DashboardController#info as JSON
Completed 200 OK in 23ms (Views: 3.6ms | ActiveRecord: 0.0ms)


Started GET "/api/info" for 127.0.0.1 at 2021-11-04 14:13:12 +1100
Processing by DashboardController#info as JSON
Completed 200 OK in 11ms (Views: 1.5ms | ActiveRecord: 0.0ms)


Started GET "/api/info" for 127.0.0.1 at 2021-11-04 14:13:15 +1100
Processing by DashboardController#info as JSON
Completed 200 OK in 11ms (Views: 1.7ms | ActiveRecord: 0.0ms)


Started GET "/api/info" for 127.0.0.1 at 2021-11-04 14:13:18 +1100
Processing by DashboardController#info as JSON
Completed 200 OK in 11ms (Views: 1.8ms | ActiveRecord: 0.0ms)


Started GET "/api/info" for 127.0.0.1 at 2021-11-04 14:13:21 +1100
Processing by DashboardController#info as JSON
Completed 200 OK in 11ms (Views: 2.4ms | ActiveRecord: 0.0ms)


Started GET "/api/info" for 127.0.0.1 at 2021-11-04 14:13:25 +1100
Processing by DashboardController#info as JSON
Completed 200 OK in 35ms (Views: 9.0ms | ActiveRecord: 0.0ms)


Started GET "/api/info" for 127.0.0.1 at 2021-11-04 14:13:27 +1100
Processing by DashboardController#info as JSON
Completed 200 OK in 20ms (Views: 3.9ms | ActiveRecord: 0.0ms)


Started GET "/api/info" for 127.0.0.1 at 2021-11-04 14:13:31 +1100
Processing by DashboardController#info as JSON
Completed 200 OK in 19ms (Views: 3.0ms | ActiveRecord: 0.0ms)


Started GET "/api/info" for 127.0.0.1 at 2021-11-04 14:13:34 +1100
Processing by DashboardController#info as JSON
Completed 200 OK in 102ms (Views: 81.4ms | ActiveRecord: 0.0ms)


Started GET "/api/info" for 127.0.0.1 at 2021-11-04 14:13:37 +1100
Processing by DashboardController#info as JSON
Completed 200 OK in 14ms (Views: 1.8ms | ActiveRecord: 0.0ms)


Started GET "/api/info" for 127.0.0.1 at 2021-11-04 14:13:40 +1100
Processing by DashboardController#info as JSON
Completed 200 OK in 12ms (Views: 2.6ms | ActiveRecord: 0.0ms)


Started GET "/api/info" for 127.0.0.1 at 2021-11-04 14:13:43 +1100
Processing by DashboardController#info as JSON
Completed 200 OK in 12ms (Views: 1.8ms | ActiveRecord: 0.0ms)


Started GET "/api/info" for 127.0.0.1 at 2021-11-04 14:13:46 +1100
Processing by DashboardController#info as JSON
Completed 200 OK in 22ms (Views: 3.6ms | ActiveRecord: 0.0ms)


Started GET "/api/info" for 127.0.0.1 at 2021-11-04 14:13:49 +1100
Processing by DashboardController#info as JSON
Completed 200 OK in 10ms (Views: 1.7ms | ActiveRecord: 0.0ms)


Started GET "/api/info" for 127.0.0.1 at 2021-11-04 14:13:52 +1100
Processing by DashboardController#info as JSON
Completed 200 OK in 13ms (Views: 2.9ms | ActiveRecord: 0.0ms)


Started GET "/api/info" for 127.0.0.1 at 2021-11-04 14:13:55 +1100
Processing by DashboardController#info as JSON
Completed 200 OK in 11ms (Views: 2.3ms | ActiveRecord: 0.0ms)


Started GET "/api/info" for 127.0.0.1 at 2021-11-04 14:13:58 +1100
Processing by DashboardController#info as JSON
Completed 200 OK in 11ms (Views: 1.9ms | ActiveRecord: 0.0ms)


Started GET "/api/info" for 127.0.0.1 at 2021-11-04 14:14:01 +1100
Processing by DashboardController#info as JSON
Completed 200 OK in 13ms (Views: 2.6ms | ActiveRecord: 0.0ms)


Started GET "/api/info" for 127.0.0.1 at 2021-11-04 14:14:04 +1100
Processing by DashboardController#info as JSON
Completed 200 OK in 11ms (Views: 1.4ms | ActiveRecord: 0.0ms)


Started GET "/api/info" for 127.0.0.1 at 2021-11-04 14:14:07 +1100
Processing by DashboardController#info as JSON
Completed 200 OK in 23ms (Views: 3.5ms | ActiveRecord: 0.0ms)


Started GET "/api/info" for 127.0.0.1 at 2021-11-04 14:14:10 +1100
Processing by DashboardController#info as JSON
Completed 200 OK in 20ms (Views: 2.4ms | ActiveRecord: 0.0ms)


Started GET "/api/info" for 127.0.0.1 at 2021-11-04 14:14:13 +1100
Processing by DashboardController#info as JSON
Completed 200 OK in 12ms (Views: 2.4ms | ActiveRecord: 0.0ms)


Started GET "/api/info" for 127.0.0.1 at 2021-11-04 14:14:16 +1100
Processing by DashboardController#info as JSON
Completed 200 OK in 26ms (Views: 8.0ms | ActiveRecord: 0.0ms)


Started GET "/api/info" for 127.0.0.1 at 2021-11-04 14:14:19 +1100
Processing by DashboardController#info as JSON
Completed 200 OK in 19ms (Views: 5.4ms | ActiveRecord: 0.0ms)


Started GET "/api/info" for 127.0.0.1 at 2021-11-04 14:14:22 +1100
Processing by DashboardController#info as JSON
Completed 200 OK in 20ms (Views: 3.9ms | ActiveRecord: 0.0ms)


Started GET "/api/info" for 127.0.0.1 at 2021-11-04 14:14:25 +1100
Processing by DashboardController#info as JSON
Completed 200 OK in 11ms (Views: 1.8ms | ActiveRecord: 0.0ms)


Started GET "/api/info" for 127.0.0.1 at 2021-11-04 14:14:28 +1100
Processing by DashboardController#info as JSON
Completed 200 OK in 19ms (Views: 3.4ms | ActiveRecord: 0.0ms)


Started GET "/" for 127.0.0.1 at 2021-11-04 14:14:28 +1100
Processing by PagesController#home as HTML
  Rendering pages/home.html.erb within layouts/application
  Rendered pages/home.html.erb within layouts/application (1.5ms)
Completed 200 OK in 137ms (Views: 113.8ms | ActiveRecord: 0.0ms)


Started GET "/api/info" for 127.0.0.1 at 2021-11-04 14:14:31 +1100
Processing by DashboardController#info as JSON
Completed 200 OK in 12ms (Views: 1.8ms | ActiveRecord: 0.0ms)


Started GET "/api/info" for 127.0.0.1 at 2021-11-04 14:14:34 +1100
Processing by DashboardController#info as JSON
Completed 200 OK in 12ms (Views: 1.9ms | ActiveRecord: 0.0ms)


Started GET "/api/info" for 127.0.0.1 at 2021-11-04 14:14:37 +1100
Processing by DashboardController#info as JSON
Completed 200 OK in 11ms (Views: 1.6ms | ActiveRecord: 0.0ms)


Started GET "/api/info" for 127.0.0.1 at 2021-11-04 14:14:40 +1100
Processing by DashboardController#info as JSON
Completed 200 OK in 11ms (Views: 2.2ms | ActiveRecord: 0.0ms)


Started GET "/api/info" for 127.0.0.1 at 2021-11-04 14:14:43 +1100
Processing by DashboardController#info as JSON
Completed 200 OK in 9ms (Views: 1.2ms | ActiveRecord: 0.0ms)


Started GET "/api/info" for 127.0.0.1 at 2021-11-04 14:14:46 +1100
Processing by DashboardController#info as JSON
Completed 200 OK in 11ms (Views: 1.5ms | ActiveRecord: 0.0ms)


Started GET "/api/info" for 127.0.0.1 at 2021-11-04 14:14:49 +1100
Processing by DashboardController#info as JSON
Completed 200 OK in 12ms (Views: 2.7ms | ActiveRecord: 0.0ms)


Started GET "/api/info" for 127.0.0.1 at 2021-11-04 14:14:52 +1100
Processing by DashboardController#info as JSON
Completed 200 OK in 10ms (Views: 1.2ms | ActiveRecord: 0.0ms)


Started GET "/api/info" for 127.0.0.1 at 2021-11-04 14:14:55 +1100
Processing by DashboardController#info as JSON
Completed 200 OK in 11ms (Views: 0.8ms | ActiveRecord: 0.0ms)


Started GET "/api/info" for 127.0.0.1 at 2021-11-04 14:14:58 +1100
Processing by DashboardController#info as JSON
Completed 200 OK in 9ms (Views: 1.1ms | ActiveRecord: 0.0ms)


Started GET "/api/info" for 127.0.0.1 at 2021-11-04 14:15:01 +1100
Processing by DashboardController#info as JSON
Completed 200 OK in 10ms (Views: 1.5ms | ActiveRecord: 0.0ms)


Started GET "/api/info" for 127.0.0.1 at 2021-11-04 14:15:04 +1100
Processing by DashboardController#info as JSON
Completed 200 OK in 12ms (Views: 0.8ms | ActiveRecord: 0.0ms)


Started GET "/api/info" for 127.0.0.1 at 2021-11-04 14:15:07 +1100
Processing by DashboardController#info as JSON
Completed 200 OK in 15ms (Views: 3.5ms | ActiveRecord: 0.0ms)


Started GET "/api/info" for 127.0.0.1 at 2021-11-04 14:15:10 +1100
Processing by DashboardController#info as JSON
Completed 200 OK in 12ms (Views: 2.6ms | ActiveRecord: 0.0ms)


Started GET "/api/info" for 127.0.0.1 at 2021-11-04 14:15:13 +1100
Processing by DashboardController#info as JSON
Completed 200 OK in 11ms (Views: 2.4ms | ActiveRecord: 0.0ms)


Started GET "/api/info" for 127.0.0.1 at 2021-11-04 14:15:16 +1100
Processing by DashboardController#info as JSON
Completed 200 OK in 11ms (Views: 1.8ms | ActiveRecord: 0.0ms)


Started GET "/api/info" for 127.0.0.1 at 2021-11-04 14:15:19 +1100
Processing by DashboardController#info as JSON
Completed 200 OK in 11ms (Views: 1.5ms | ActiveRecord: 0.0ms)


Started GET "/api/info" for 127.0.0.1 at 2021-11-04 14:15:22 +1100
Processing by DashboardController#info as JSON
Completed 200 OK in 13ms (Views: 3.2ms | ActiveRecord: 0.0ms)


Started GET "/api/info" for 127.0.0.1 at 2021-11-04 14:15:25 +1100
Processing by DashboardController#info as JSON
Completed 200 OK in 14ms (Views: 2.4ms | ActiveRecord: 0.0ms)


Started GET "/api/info" for 127.0.0.1 at 2021-11-04 14:15:28 +1100
Processing by DashboardController#info as JSON
Completed 200 OK in 20ms (Views: 2.1ms | ActiveRecord: 0.0ms)


Started GET "/api/info" for 127.0.0.1 at 2021-11-04 14:15:31 +1100
Processing by DashboardController#info as JSON
Completed 200 OK in 12ms (Views: 3.2ms | ActiveRecord: 0.0ms)


Started GET "/api/info" for 127.0.0.1 at 2021-11-04 14:15:34 +1100
Processing by DashboardController#info as JSON
Completed 200 OK in 18ms (Views: 2.4ms | ActiveRecord: 0.0ms)


Started GET "/api/info" for 127.0.0.1 at 2021-11-04 14:15:37 +1100
Processing by DashboardController#info as JSON
Completed 200 OK in 12ms (Views: 2.4ms | ActiveRecord: 0.0ms)


Started GET "/api/info" for 127.0.0.1 at 2021-11-04 14:15:40 +1100
Processing by DashboardController#info as JSON
Completed 200 OK in 13ms (Views: 1.9ms | ActiveRecord: 0.0ms)


Started GET "/api/info" for 127.0.0.1 at 2021-11-04 14:15:43 +1100
Processing by DashboardController#info as JSON
Completed 200 OK in 13ms (Views: 1.9ms | ActiveRecord: 0.0ms)


Started GET "/api/info" for 127.0.0.1 at 2021-11-04 14:15:46 +1100
Processing by DashboardController#info as JSON
Completed 200 OK in 12ms (Views: 2.6ms | ActiveRecord: 0.0ms)


Started GET "/api/info" for 127.0.0.1 at 2021-11-04 14:15:49 +1100
Processing by DashboardController#info as JSON
Completed 200 OK in 12ms (Views: 1.7ms | ActiveRecord: 0.0ms)


Started GET "/api/info" for 127.0.0.1 at 2021-11-04 14:15:52 +1100
Processing by DashboardController#info as JSON
Completed 200 OK in 11ms (Views: 1.7ms | ActiveRecord: 0.0ms)


Started GET "/api/info" for 127.0.0.1 at 2021-11-04 14:15:55 +1100
Processing by DashboardController#info as JSON
Completed 200 OK in 11ms (Views: 2.0ms | ActiveRecord: 0.0ms)


Started GET "/api/info" for 127.0.0.1 at 2021-11-04 14:15:58 +1100
Processing by DashboardController#info as JSON
Completed 200 OK in 15ms (Views: 2.6ms | ActiveRecord: 0.0ms)


Started GET "/api/info" for 127.0.0.1 at 2021-11-04 14:16:01 +1100
Processing by DashboardController#info as JSON
Completed 200 OK in 12ms (Views: 2.5ms | ActiveRecord: 0.0ms)


Started GET "/api/info" for 127.0.0.1 at 2021-11-04 14:16:05 +1100
Processing by DashboardController#info as JSON
Completed 200 OK in 12ms (Views: 3.3ms | ActiveRecord: 0.0ms)


Started GET "/api/info" for 127.0.0.1 at 2021-11-04 14:16:08 +1100
Processing by DashboardController#info as JSON
Completed 200 OK in 11ms (Views: 2.5ms | ActiveRecord: 0.0ms)


Started GET "/api/info" for 127.0.0.1 at 2021-11-04 14:16:11 +1100
Processing by DashboardController#info as JSON
Completed 200 OK in 12ms (Views: 2.0ms | ActiveRecord: 0.0ms)


Started GET "/api/info" for 127.0.0.1 at 2021-11-04 14:16:14 +1100
Processing by DashboardController#info as JSON
Completed 200 OK in 12ms (Views: 2.5ms | ActiveRecord: 0.0ms)


Started GET "/api/info" for 127.0.0.1 at 2021-11-04 14:16:18 +1100
Processing by DashboardController#info as JSON
Completed 200 OK in 12ms (Views: 2.7ms | ActiveRecord: 0.0ms)


Started GET "/api/info" for 127.0.0.1 at 2021-11-04 14:16:21 +1100
Processing by DashboardController#info as JSON
Completed 200 OK in 13ms (Views: 3.0ms | ActiveRecord: 0.0ms)


Started GET "/api/info" for 127.0.0.1 at 2021-11-04 14:16:25 +1100
Processing by DashboardController#info as JSON
Completed 200 OK in 13ms (Views: 1.9ms | ActiveRecord: 0.0ms)


Started GET "/api/info" for 127.0.0.1 at 2021-11-04 14:16:28 +1100
Processing by DashboardController#info as JSON
Completed 200 OK in 23ms (Views: 0.9ms | ActiveRecord: 0.0ms)


Started GET "/api/info" for 127.0.0.1 at 2021-11-04 14:16:31 +1100
Processing by DashboardController#info as JSON
Completed 200 OK in 17ms (Views: 1.7ms | ActiveRecord: 0.0ms)


Started GET "/api/info" for 127.0.0.1 at 2021-11-04 14:16:34 +1100
Processing by DashboardController#info as JSON
Completed 200 OK in 14ms (Views: 2.5ms | ActiveRecord: 0.0ms)


Started GET "/api/info" for 127.0.0.1 at 2021-11-04 14:16:37 +1100
Processing by DashboardController#info as JSON
Completed 200 OK in 13ms (Views: 2.9ms | ActiveRecord: 0.0ms)


Started GET "/api/info" for 127.0.0.1 at 2021-11-04 14:16:40 +1100
Processing by DashboardController#info as JSON
Completed 200 OK in 15ms (Views: 4.4ms | ActiveRecord: 0.0ms)


Started GET "/api/info" for 127.0.0.1 at 2021-11-04 14:16:43 +1100
Processing by DashboardController#info as JSON
Completed 200 OK in 14ms (Views: 2.0ms | ActiveRecord: 0.0ms)


Started GET "/api/info" for 127.0.0.1 at 2021-11-04 14:16:46 +1100
Processing by DashboardController#info as JSON
Completed 200 OK in 13ms (Views: 2.0ms | ActiveRecord: 0.0ms)


Started GET "/api/info" for 127.0.0.1 at 2021-11-04 14:16:49 +1100
Processing by DashboardController#info as JSON
Completed 200 OK in 14ms (Views: 2.5ms | ActiveRecord: 0.0ms)


Started GET "/api/info" for 127.0.0.1 at 2021-11-04 14:16:52 +1100
Processing by DashboardController#info as JSON
Completed 200 OK in 17ms (Views: 2.5ms | ActiveRecord: 0.0ms)


Started GET "/api/info" for 127.0.0.1 at 2021-11-04 14:16:55 +1100
Processing by DashboardController#info as JSON
Completed 200 OK in 14ms (Views: 1.8ms | ActiveRecord: 0.0ms)


Started GET "/api/info" for 127.0.0.1 at 2021-11-04 14:16:58 +1100
Processing by DashboardController#info as JSON
Completed 200 OK in 14ms (Views: 1.9ms | ActiveRecord: 0.0ms)


Started GET "/api/info" for 127.0.0.1 at 2021-11-04 14:17:01 +1100
Processing by DashboardController#info as JSON
Completed 200 OK in 15ms (Views: 2.4ms | ActiveRecord: 0.0ms)


Started GET "/api/info" for 127.0.0.1 at 2021-11-04 14:17:04 +1100
Processing by DashboardController#info as JSON
Completed 200 OK in 13ms (Views: 2.2ms | ActiveRecord: 0.0ms)


Started GET "/api/info" for 127.0.0.1 at 2021-11-04 14:17:07 +1100
Processing by DashboardController#info as JSON
Completed 200 OK in 18ms (Views: 2.1ms | ActiveRecord: 0.0ms)


Started GET "/api/info" for 127.0.0.1 at 2021-11-04 14:17:10 +1100
Processing by DashboardController#info as JSON
Completed 200 OK in 14ms (Views: 2.1ms | ActiveRecord: 0.0ms)


Started GET "/api/info" for 127.0.0.1 at 2021-11-04 14:17:13 +1100
Processing by DashboardController#info as JSON
Completed 200 OK in 14ms (Views: 2.2ms | ActiveRecord: 0.0ms)


Started GET "/api/info" for 127.0.0.1 at 2021-11-04 14:17:16 +1100
Processing by DashboardController#info as JSON
Completed 200 OK in 14ms (Views: 2.6ms | ActiveRecord: 0.0ms)


Started GET "/api/info" for 127.0.0.1 at 2021-11-04 14:17:19 +1100
Processing by DashboardController#info as JSON
Completed 200 OK in 14ms (Views: 2.3ms | ActiveRecord: 0.0ms)


Started GET "/api/info" for 127.0.0.1 at 2021-11-04 14:17:22 +1100
Processing by DashboardController#info as JSON
Completed 200 OK in 13ms (Views: 1.9ms | ActiveRecord: 0.0ms)


Started GET "/api/info" for 127.0.0.1 at 2021-11-04 14:17:25 +1100
Processing by DashboardController#info as JSON
Completed 200 OK in 19ms (Views: 2.7ms | ActiveRecord: 0.0ms)


Started GET "/api/info" for 127.0.0.1 at 2021-11-04 14:17:28 +1100
Processing by DashboardController#info as JSON
Completed 200 OK in 14ms (Views: 3.5ms | ActiveRecord: 0.0ms)


Started GET "/api/info" for 127.0.0.1 at 2021-11-04 14:17:31 +1100
Processing by DashboardController#info as JSON
Completed 200 OK in 13ms (Views: 2.0ms | ActiveRecord: 0.0ms)


Started GET "/api/info" for 127.0.0.1 at 2021-11-04 14:17:34 +1100
Processing by DashboardController#info as JSON
Completed 200 OK in 15ms (Views: 4.3ms | ActiveRecord: 0.0ms)


Started GET "/api/info" for 127.0.0.1 at 2021-11-04 14:17:37 +1100
Processing by DashboardController#info as JSON
Completed 200 OK in 18ms (Views: 1.6ms | ActiveRecord: 0.0ms)


Started GET "/api/info" for 127.0.0.1 at 2021-11-04 14:17:40 +1100
Processing by DashboardController#info as JSON
Completed 200 OK in 17ms (Views: 3.3ms | ActiveRecord: 0.0ms)


Started GET "/api/info" for 127.0.0.1 at 2021-11-04 14:17:43 +1100
Processing by DashboardController#info as JSON
Completed 200 OK in 16ms (Views: 2.6ms | ActiveRecord: 0.0ms)


Started GET "/api/info" for 127.0.0.1 at 2021-11-04 14:17:46 +1100
Processing by DashboardController#info as JSON
Completed 200 OK in 14ms (Views: 3.4ms | ActiveRecord: 0.0ms)


Started GET "/api/info" for 127.0.0.1 at 2021-11-04 14:17:49 +1100
Processing by DashboardController#info as JSON
Completed 200 OK in 14ms (Views: 2.7ms | ActiveRecord: 0.0ms)


Started GET "/api/info" for 127.0.0.1 at 2021-11-04 14:17:52 +1100
Processing by DashboardController#info as JSON
Completed 200 OK in 15ms (Views: 4.0ms | ActiveRecord: 0.0ms)


Started GET "/api/info" for 127.0.0.1 at 2021-11-04 14:17:55 +1100
Processing by DashboardController#info as JSON
Completed 200 OK in 16ms (Views: 2.7ms | ActiveRecord: 0.0ms)


Started GET "/api/info" for 127.0.0.1 at 2021-11-04 14:17:58 +1100
Processing by DashboardController#info as JSON
Completed 200 OK in 44ms (Views: 7.8ms | ActiveRecord: 0.0ms)


Started GET "/api/info" for 127.0.0.1 at 2021-11-04 14:18:01 +1100
Processing by DashboardController#info as JSON
Completed 200 OK in 23ms (Views: 4.4ms | ActiveRecord: 0.0ms)


Started GET "/api/info" for 127.0.0.1 at 2021-11-04 14:18:04 +1100
Processing by DashboardController#info as JSON
Completed 200 OK in 17ms (Views: 2.8ms | ActiveRecord: 0.0ms)


Started GET "/api/info" for 127.0.0.1 at 2021-11-04 14:18:07 +1100
Processing by DashboardController#info as JSON
Completed 200 OK in 15ms (Views: 3.4ms | ActiveRecord: 0.0ms)


Started GET "/api/info" for 127.0.0.1 at 2021-11-04 14:18:10 +1100
Processing by DashboardController#info as JSON
Completed 200 OK in 13ms (Views: 2.3ms | ActiveRecord: 0.0ms)


Started GET "/api/info" for 127.0.0.1 at 2021-11-04 14:18:13 +1100
Processing by DashboardController#info as JSON
Completed 200 OK in 20ms (Views: 2.0ms | ActiveRecord: 0.0ms)


Started GET "/api/info" for 127.0.0.1 at 2021-11-04 14:18:16 +1100
Processing by DashboardController#info as JSON
Completed 200 OK in 19ms (Views: 2.4ms | ActiveRecord: 0.0ms)


Started GET "/api/info" for 127.0.0.1 at 2021-11-04 14:18:19 +1100
Processing by DashboardController#info as JSON
Completed 200 OK in 18ms (Views: 3.0ms | ActiveRecord: 0.0ms)


Started GET "/api/info" for 127.0.0.1 at 2021-11-04 14:18:22 +1100
Processing by DashboardController#info as JSON
Completed 200 OK in 16ms (Views: 1.7ms | ActiveRecord: 0.0ms)


Started GET "/api/info" for 127.0.0.1 at 2021-11-04 14:18:25 +1100
Processing by DashboardController#info as JSON
Completed 200 OK in 14ms (Views: 3.0ms | ActiveRecord: 0.0ms)


Started GET "/api/info" for 127.0.0.1 at 2021-11-04 14:18:28 +1100
Processing by DashboardController#info as JSON
Completed 200 OK in 17ms (Views: 4.2ms | ActiveRecord: 0.0ms)


Started GET "/api/info" for 127.0.0.1 at 2021-11-04 14:18:31 +1100
Processing by DashboardController#info as JSON
Completed 200 OK in 13ms (Views: 2.8ms | ActiveRecord: 0.0ms)


Started GET "/api/info" for 127.0.0.1 at 2021-11-04 14:18:34 +1100
Processing by DashboardController#info as JSON
Completed 200 OK in 14ms (Views: 2.3ms | ActiveRecord: 0.0ms)


Started GET "/api/info" for 127.0.0.1 at 2021-11-04 14:18:37 +1100
Processing by DashboardController#info as JSON
Completed 200 OK in 20ms (Views: 9.4ms | ActiveRecord: 0.0ms)


Started GET "/api/info" for 127.0.0.1 at 2021-11-04 14:18:40 +1100
Processing by DashboardController#info as JSON
Completed 200 OK in 25ms (Views: 2.2ms | ActiveRecord: 0.0ms)


Started GET "/api/info" for 127.0.0.1 at 2021-11-04 14:18:43 +1100
Processing by DashboardController#info as JSON
Completed 200 OK in 15ms (Views: 2.4ms | ActiveRecord: 0.0ms)


Started GET "/api/info" for 127.0.0.1 at 2021-11-04 14:18:46 +1100
Processing by DashboardController#info as JSON
Completed 200 OK in 17ms (Views: 2.1ms | ActiveRecord: 0.0ms)


Started GET "/api/info" for 127.0.0.1 at 2021-11-04 14:18:49 +1100
Processing by DashboardController#info as JSON
Completed 200 OK in 14ms (Views: 2.3ms | ActiveRecord: 0.0ms)


Started GET "/api/info" for 127.0.0.1 at 2021-11-04 14:18:52 +1100
Processing by DashboardController#info as JSON
Completed 200 OK in 13ms (Views: 2.1ms | ActiveRecord: 0.0ms)


Started GET "/api/info" for 127.0.0.1 at 2021-11-04 14:18:55 +1100
Processing by DashboardController#info as JSON
Completed 200 OK in 14ms (Views: 3.2ms | ActiveRecord: 0.0ms)


Started GET "/api/info" for 127.0.0.1 at 2021-11-04 14:18:58 +1100
Processing by DashboardController#info as JSON
Completed 200 OK in 13ms (Views: 2.7ms | ActiveRecord: 0.0ms)


Started GET "/api/info" for 127.0.0.1 at 2021-11-04 14:19:01 +1100
Processing by DashboardController#info as JSON
Completed 200 OK in 13ms (Views: 2.5ms | ActiveRecord: 0.0ms)


Started GET "/api/info" for 127.0.0.1 at 2021-11-04 14:19:04 +1100
Processing by DashboardController#info as JSON
Completed 200 OK in 12ms (Views: 1.8ms | ActiveRecord: 0.0ms)


Started GET "/api/info" for 127.0.0.1 at 2021-11-04 14:19:07 +1100
Processing by DashboardController#info as JSON
Completed 200 OK in 12ms (Views: 2.5ms | ActiveRecord: 0.0ms)


Started GET "/api/info" for 127.0.0.1 at 2021-11-04 14:19:10 +1100
Processing by DashboardController#info as JSON
Completed 200 OK in 12ms (Views: 2.2ms | ActiveRecord: 0.0ms)


Started GET "/api/info" for 127.0.0.1 at 2021-11-04 14:19:13 +1100
Processing by DashboardController#info as JSON
Completed 200 OK in 12ms (Views: 2.5ms | ActiveRecord: 0.0ms)


Started GET "/api/info" for 127.0.0.1 at 2021-11-04 14:19:16 +1100
Processing by DashboardController#info as JSON
Completed 200 OK in 11ms (Views: 2.2ms | ActiveRecord: 0.0ms)


Started GET "/api/info" for 127.0.0.1 at 2021-11-04 14:19:19 +1100
Processing by DashboardController#info as JSON
Completed 200 OK in 11ms (Views: 2.1ms | ActiveRecord: 0.0ms)


Started GET "/api/info" for 127.0.0.1 at 2021-11-04 14:19:22 +1100
Processing by DashboardController#info as JSON
Completed 200 OK in 13ms (Views: 2.5ms | ActiveRecord: 0.0ms)


Started GET "/api/info" for 127.0.0.1 at 2021-11-04 14:19:25 +1100
Processing by DashboardController#info as JSON
Completed 200 OK in 15ms (Views: 2.6ms | ActiveRecord: 0.0ms)


Started GET "/api/info" for 127.0.0.1 at 2021-11-04 14:19:28 +1100
Processing by DashboardController#info as JSON
Completed 200 OK in 13ms (Views: 2.2ms | ActiveRecord: 0.0ms)


Started GET "/api/info" for 127.0.0.1 at 2021-11-04 14:19:31 +1100
Processing by DashboardController#info as JSON
Completed 200 OK in 16ms (Views: 2.6ms | ActiveRecord: 0.0ms)


Started GET "/api/info" for 127.0.0.1 at 2021-11-04 14:19:34 +1100
Processing by DashboardController#info as JSON
Completed 200 OK in 13ms (Views: 3.3ms | ActiveRecord: 0.0ms)


Started GET "/api/info" for 127.0.0.1 at 2021-11-04 14:19:37 +1100
Processing by DashboardController#info as JSON
Completed 200 OK in 18ms (Views: 2.5ms | ActiveRecord: 0.0ms)


Started GET "/api/info" for 127.0.0.1 at 2021-11-04 14:19:41 +1100
Processing by DashboardController#info as JSON
Completed 200 OK in 14ms (Views: 3.0ms | ActiveRecord: 0.0ms)


Started GET "/api/info" for 127.0.0.1 at 2021-11-04 14:19:44 +1100
Processing by DashboardController#info as JSON
Completed 200 OK in 11ms (Views: 2.0ms | ActiveRecord: 0.0ms)


Started GET "/api/info" for 127.0.0.1 at 2021-11-04 14:19:47 +1100
Processing by DashboardController#info as JSON
Completed 200 OK in 12ms (Views: 1.1ms | ActiveRecord: 0.0ms)


Started GET "/api/info" for 127.0.0.1 at 2021-11-04 14:19:50 +1100
Processing by DashboardController#info as JSON
Completed 200 OK in 14ms (Views: 1.0ms | ActiveRecord: 0.0ms)


Started GET "/api/info" for 127.0.0.1 at 2021-11-04 14:19:53 +1100
Processing by DashboardController#info as JSON
Completed 200 OK in 11ms (Views: 1.5ms | ActiveRecord: 0.0ms)


Started GET "/api/info" for 127.0.0.1 at 2021-11-04 14:19:56 +1100
Processing by DashboardController#info as JSON
Completed 200 OK in 29ms (Views: 1.1ms | ActiveRecord: 0.0ms)


Started GET "/api/info" for 127.0.0.1 at 2021-11-04 14:19:59 +1100
Processing by DashboardController#info as JSON
Completed 200 OK in 13ms (Views: 1.8ms | ActiveRecord: 0.0ms)


Started GET "/api/info" for 127.0.0.1 at 2021-11-04 14:20:02 +1100
Processing by DashboardController#info as JSON
Completed 200 OK in 17ms (Views: 1.2ms | ActiveRecord: 0.0ms)


Started GET "/api/info" for 127.0.0.1 at 2021-11-04 14:20:05 +1100
Processing by DashboardController#info as JSON
Completed 200 OK in 29ms (Views: 1.5ms | ActiveRecord: 0.0ms)


Started GET "/api/info" for 127.0.0.1 at 2021-11-04 14:20:08 +1100
Processing by DashboardController#info as JSON
Completed 200 OK in 53ms (Views: 2.5ms | ActiveRecord: 0.0ms)


Started GET "/api/info" for 127.0.0.1 at 2021-11-04 14:20:11 +1100
Processing by DashboardController#info as JSON
Completed 200 OK in 24ms (Views: 1.3ms | ActiveRecord: 0.0ms)


Started GET "/api/info" for 127.0.0.1 at 2021-11-04 14:20:15 +1100
Processing by DashboardController#info as JSON
Completed 200 OK in 17ms (Views: 5.9ms | ActiveRecord: 0.0ms)


Started GET "/api/info" for 127.0.0.1 at 2021-11-04 14:20:18 +1100
Processing by DashboardController#info as JSON
Completed 200 OK in 15ms (Views: 2.8ms | ActiveRecord: 0.0ms)


