  [1m[35m (0.2ms)[0m  [1m[34mSELECT sqlite_version(*)[0m
  ↳ bin/rails:9
  [1m[35m (10.8ms)[0m  [1m[35mCREATE TABLE "schema_migrations" ("version" varchar NOT NULL PRIMARY KEY)[0m
  ↳ bin/rails:9
  [1m[35m (16.9ms)[0m  [1m[35mCREATE TABLE "ar_internal_metadata" ("key" varchar NOT NULL PRIMARY KEY, "value" varchar, "created_at" datetime NOT NULL, "updated_at" datetime NOT NULL)[0m
  ↳ bin/rails:9
  [1m[35m (0.2ms)[0m  [1m[34mSELECT "schema_migrations"."version" FROM "schema_migrations" ORDER BY "schema_migrations"."version" ASC[0m
  ↳ bin/rails:9
Migrating to CreateArtists (20211019231701)
  [1m[35m (0.1ms)[0m  [1m[36mbegin transaction[0m
  ↳ bin/rails:9
  [1m[35m (2.6ms)[0m  [1m[35mCREATE TABLE "artists" ("id" integer PRIMARY KEY AUTOINCREMENT NOT NULL, "name" text, "nationality" text, "dob" date, "period" text, "image" text, "created_at" datetime NOT NULL, "updated_at" datetime NOT NULL)[0m
  ↳ db/migrate/20211019231701_create_artists.rb:3
  [1m[36mActiveRecord::SchemaMigration Create (0.7ms)[0m  [1m[32mINSERT INTO "schema_migrations" ("version") VALUES (?)[0m  [["version", "20211019231701"]]
  ↳ bin/rails:9
  [1m[35m (1.6ms)[0m  [1m[36mcommit transaction[0m
  ↳ bin/rails:9
  [1m[36mActiveRecord::InternalMetadata Load (1.6ms)[0m  [1m[34mSELECT  "ar_internal_metadata".* FROM "ar_internal_metadata" WHERE "ar_internal_metadata"."key" = ? LIMIT ?[0m  [["key", "environment"], ["LIMIT", 1]]
  ↳ bin/rails:9
  [1m[35m (0.1ms)[0m  [1m[36mbegin transaction[0m
  ↳ bin/rails:9
  [1m[36mActiveRecord::InternalMetadata Create (1.3ms)[0m  [1m[32mINSERT INTO "ar_internal_metadata" ("key", "value", "created_at", "updated_at") VALUES (?, ?, ?, ?)[0m  [["key", "environment"], ["value", "development"], ["created_at", "2021-10-19 23:22:21.587795"], ["updated_at", "2021-10-19 23:22:21.587795"]]
  ↳ bin/rails:9
  [1m[35m (5.0ms)[0m  [1m[36mcommit transaction[0m
  ↳ bin/rails:9
  [1m[35m (0.2ms)[0m  [1m[34mSELECT "schema_migrations"."version" FROM "schema_migrations" ORDER BY "schema_migrations"."version" ASC[0m
  ↳ bin/rails:9
  [1m[35m (0.1ms)[0m  [1m[34mSELECT "schema_migrations"."version" FROM "schema_migrations" ORDER BY "schema_migrations"."version" ASC[0m
  ↳ bin/rails:9
  [1m[35m (0.1ms)[0m  [1m[34mSELECT "schema_migrations"."version" FROM "schema_migrations" ORDER BY "schema_migrations"."version" ASC[0m
  ↳ bin/rails:9
  [1m[35m (0.1ms)[0m  [1m[34mSELECT "schema_migrations"."version" FROM "schema_migrations" ORDER BY "schema_migrations"."version" ASC[0m
  ↳ bin/rails:9
  [1m[35m (0.1ms)[0m  [1m[34mSELECT "schema_migrations"."version" FROM "schema_migrations" ORDER BY "schema_migrations"."version" ASC[0m
  ↳ bin/rails:9
Migrating to CreateArtists (20211019231701)
  [1m[35m (0.1ms)[0m  [1m[36mbegin transaction[0m
  ↳ bin/rails:9
  [1m[35m (0.8ms)[0m  [1m[35mDROP TABLE "artists"[0m
  ↳ bin/rails:9
  [1m[36mActiveRecord::SchemaMigration Destroy (0.3ms)[0m  [1m[31mDELETE FROM "schema_migrations" WHERE "schema_migrations"."version" = ?[0m  [["version", "20211019231701"]]
  ↳ bin/rails:9
  [1m[35m (1.8ms)[0m  [1m[36mcommit transaction[0m
  ↳ bin/rails:9
  [1m[35m (0.1ms)[0m  [1m[34mSELECT "schema_migrations"."version" FROM "schema_migrations" ORDER BY "schema_migrations"."version" ASC[0m
  ↳ bin/rails:9
  [1m[35m (0.1ms)[0m  [1m[34mSELECT "schema_migrations"."version" FROM "schema_migrations" ORDER BY "schema_migrations"."version" ASC[0m
  ↳ bin/rails:9
Migrating to CreateArtists (20211019231701)
  [1m[35m (0.1ms)[0m  [1m[36mbegin transaction[0m
  ↳ bin/rails:9
  [1m[35m (0.1ms)[0m  [1m[34mSELECT sqlite_version(*)[0m
  ↳ db/migrate/20211019231701_create_artists.rb:3
  [1m[35m (7.5ms)[0m  [1m[35mCREATE TABLE "artists" ("id" integer PRIMARY KEY AUTOINCREMENT NOT NULL, "name" text, "nationality" text, "dob" date, "period" text, "image" text, "created_at" datetime NOT NULL, "updated_at" datetime NOT NULL)[0m
  ↳ db/migrate/20211019231701_create_artists.rb:3
  [1m[36mActiveRecord::SchemaMigration Create (0.3ms)[0m  [1m[32mINSERT INTO "schema_migrations" ("version") VALUES (?)[0m  [["version", "20211019231701"]]
  ↳ bin/rails:9
  [1m[35m (16.0ms)[0m  [1m[36mcommit transaction[0m
  ↳ bin/rails:9
  [1m[36mActiveRecord::InternalMetadata Load (0.3ms)[0m  [1m[34mSELECT  "ar_internal_metadata".* FROM "ar_internal_metadata" WHERE "ar_internal_metadata"."key" = ? LIMIT ?[0m  [["key", "environment"], ["LIMIT", 1]]
  ↳ bin/rails:9
  [1m[35m (0.1ms)[0m  [1m[36mbegin transaction[0m
  ↳ bin/rails:9
  [1m[35m (0.0ms)[0m  [1m[36mcommit transaction[0m
  ↳ bin/rails:9
  [1m[35m (0.2ms)[0m  [1m[34mSELECT "schema_migrations"."version" FROM "schema_migrations" ORDER BY "schema_migrations"."version" ASC[0m
  ↳ bin/rails:9
  [1m[35m (0.3ms)[0m  [1m[34mSELECT "schema_migrations"."version" FROM "schema_migrations" ORDER BY "schema_migrations"."version" ASC[0m
  ↳ bin/rails:9
  [1m[36mArtist Load (0.1ms)[0m  [1m[34mSELECT "artists".* FROM "artists"[0m
  ↳ db/seeds.rb:1
  [1m[35m (0.1ms)[0m  [1m[36mbegin transaction[0m
  ↳ db/seeds.rb:3
  [1m[36mArtist Create (0.5ms)[0m  [1m[32mINSERT INTO "artists" ("name", "nationality", "dob", "period", "image", "created_at", "updated_at") VALUES (?, ?, ?, ?, ?, ?, ?)[0m  [["name", "Norman Lindsay"], ["nationality", "Australian"], ["dob", "1879-02-22"], ["period", "20th century"], ["image", "https://upload.wikimedia.org/wikipedia/commons/3/32/Norman_Lindsay_1931.jpg"], ["created_at", "2021-10-19 23:40:59.102175"], ["updated_at", "2021-10-19 23:40:59.102175"]]
  ↳ db/seeds.rb:3
  [1m[35m (1.6ms)[0m  [1m[36mcommit transaction[0m
  ↳ db/seeds.rb:3
  [1m[35m (0.0ms)[0m  [1m[36mbegin transaction[0m
  ↳ db/seeds.rb:4
  [1m[36mArtist Create (0.6ms)[0m  [1m[32mINSERT INTO "artists" ("name", "nationality", "dob", "period", "image", "created_at", "updated_at") VALUES (?, ?, ?, ?, ?, ?, ?)[0m  [["name", "Russell Drysdale"], ["nationality", "Australian"], ["dob", "1912-02-07"], ["period", "20th century"], ["image", "https://upload.wikimedia.org/wikipedia/commons/c/ca/Russell_Drysdale_Max_Dupain_1945.jpg"], ["created_at", "2021-10-19 23:40:59.107842"], ["updated_at", "2021-10-19 23:40:59.107842"]]
  ↳ db/seeds.rb:4
  [1m[35m (1.1ms)[0m  [1m[36mcommit transaction[0m
  ↳ db/seeds.rb:4
  [1m[35m (0.0ms)[0m  [1m[36mbegin transaction[0m
  ↳ db/seeds.rb:5
  [1m[36mArtist Create (0.5ms)[0m  [1m[32mINSERT INTO "artists" ("name", "nationality", "dob", "period", "image", "created_at", "updated_at") VALUES (?, ?, ?, ?, ?, ?, ?)[0m  [["name", "James Gleeson"], ["nationality", "Australian"], ["dob", "1915-11-21"], ["period", "20th century"], ["image", "https://media.artgallery.nsw.gov.au/uploads/artists/James_Gleeson_nla.jpg"], ["created_at", "2021-10-19 23:40:59.111918"], ["updated_at", "2021-10-19 23:40:59.111918"]]
  ↳ db/seeds.rb:5
  [1m[35m (1.1ms)[0m  [1m[36mcommit transaction[0m
  ↳ db/seeds.rb:5
  [1m[35m (0.1ms)[0m  [1m[36mbegin transaction[0m
  ↳ db/seeds.rb:6
  [1m[36mArtist Create (1.0ms)[0m  [1m[32mINSERT INTO "artists" ("name", "nationality", "dob", "period", "image", "created_at", "updated_at") VALUES (?, ?, ?, ?, ?, ?, ?)[0m  [["name", "Sidney Nolan"], ["nationality", "Australian"], ["dob", "1917-04-22"], ["period", "20th century"], ["image", "https://upload.wikimedia.org/wikipedia/commons/e/ef/Portrait_of_Sidney_Nolan.jpg"], ["created_at", "2021-10-19 23:40:59.123784"], ["updated_at", "2021-10-19 23:40:59.123784"]]
  ↳ db/seeds.rb:6
  [1m[35m (0.9ms)[0m  [1m[36mcommit transaction[0m
  ↳ db/seeds.rb:6
  [1m[35m (0.1ms)[0m  [1m[36mbegin transaction[0m
  ↳ db/seeds.rb:7
  [1m[36mArtist Create (1.3ms)[0m  [1m[32mINSERT INTO "artists" ("name", "nationality", "dob", "period", "image", "created_at", "updated_at") VALUES (?, ?, ?, ?, ?, ?, ?)[0m  [["name", "Arthur Boyd"], ["nationality", "Australian"], ["dob", "1920-07-24"], ["period", "20th century"], ["image", "https://upload.wikimedia.org/wikipedia/en/9/98/Arthur_Boyd.jpg"], ["created_at", "2021-10-19 23:40:59.130091"], ["updated_at", "2021-10-19 23:40:59.130091"]]
  ↳ db/seeds.rb:7
  [1m[35m (1.9ms)[0m  [1m[36mcommit transaction[0m
  ↳ db/seeds.rb:7
  [1m[35m (0.0ms)[0m  [1m[36mbegin transaction[0m
  ↳ db/seeds.rb:8
  [1m[36mArtist Create (0.4ms)[0m  [1m[32mINSERT INTO "artists" ("name", "nationality", "dob", "period", "image", "created_at", "updated_at") VALUES (?, ?, ?, ?, ?, ?, ?)[0m  [["name", "Jeffrey Smart"], ["nationality", "Australian"], ["dob", "1921-07-26"], ["period", "20th century"], ["image", "https://upload.wikimedia.org/wikipedia/en/b/b0/Australian_artist_Jeffrey_Smart.jpg"], ["created_at", "2021-10-19 23:40:59.135539"], ["updated_at", "2021-10-19 23:40:59.135539"]]
  ↳ db/seeds.rb:8
  [1m[35m (2.1ms)[0m  [1m[36mcommit transaction[0m
  ↳ db/seeds.rb:8
  [1m[35m (0.1ms)[0m  [1m[36mbegin transaction[0m
  ↳ db/seeds.rb:9
  [1m[36mArtist Create (0.7ms)[0m  [1m[32mINSERT INTO "artists" ("name", "nationality", "dob", "period", "image", "created_at", "updated_at") VALUES (?, ?, ?, ?, ?, ?, ?)[0m  [["name", "Brett Whiteley"], ["nationality", "Australian"], ["dob", "1939-04-07"], ["period", "20th century"], ["image", "https://www.portrait.gov.au/files/b/9/4/f/i9331.jpg"], ["created_at", "2021-10-19 23:40:59.142375"], ["updated_at", "2021-10-19 23:40:59.142375"]]
  ↳ db/seeds.rb:9
  [1m[35m (1.1ms)[0m  [1m[36mcommit transaction[0m
  ↳ db/seeds.rb:9
  [1m[35m (0.2ms)[0m  [1m[34mSELECT COUNT(*) FROM "artists"[0m
  ↳ db/seeds.rb:11
  [1m[36mArtist Load (0.1ms)[0m  [1m[34mSELECT  "artists".* FROM "artists" ORDER BY "artists"."id" ASC LIMIT ?[0m  [["LIMIT", 1]]
  [1m[36mArtist Load (0.6ms)[0m  [1m[34mSELECT  "artists".* FROM "artists" ORDER BY "artists"."id" DESC LIMIT ?[0m  [["LIMIT", 1]]
  [1m[35m (0.2ms)[0m  [1m[34mSELECT "artists"."name" FROM "artists"[0m
Started GET "/" for 127.0.0.1 at 2021-10-20 10:54:15 +1100
  [1m[35m (0.4ms)[0m  [1m[34mSELECT "schema_migrations"."version" FROM "schema_migrations" ORDER BY "schema_migrations"."version" ASC[0m
  ↳ /Users/danielnguyen/.rvm/gems/ruby-2.7.4/gems/activerecord-5.2.6/lib/active_record/log_subscriber.rb:98
Processing by Rails::WelcomeController#index as HTML
  Rendering /Users/danielnguyen/.rvm/gems/ruby-2.7.4/gems/railties-5.2.6/lib/rails/templates/rails/welcome/index.html.erb
  Rendered /Users/danielnguyen/.rvm/gems/ruby-2.7.4/gems/railties-5.2.6/lib/rails/templates/rails/welcome/index.html.erb (10.2ms)
Completed 200 OK in 567ms (Views: 539.5ms | ActiveRecord: 0.0ms)


Started GET "/artists" for 127.0.0.1 at 2021-10-20 10:54:22 +1100
Processing by ArtistsController#index as HTML
  Rendering artists/index.html.erb within layouts/application
  [1m[36mArtist Load (0.4ms)[0m  [1m[34mSELECT "artists".* FROM "artists"[0m
  ↳ app/views/artists/index.html.erb:3
  Rendered artists/index.html.erb within layouts/application (16.5ms)
Completed 200 OK in 1710ms (Views: 1701.6ms | ActiveRecord: 1.1ms)


Started GET "/rails/info/routes" for 127.0.0.1 at 2021-10-20 10:54:40 +1100
Processing by Rails::InfoController#routes as HTML
  Rendering /Users/danielnguyen/.rvm/gems/ruby-2.7.4/gems/railties-5.2.6/lib/rails/templates/rails/info/routes.html.erb within layouts/application
  Rendered collection of /Users/danielnguyen/.rvm/gems/ruby-2.7.4/gems/actionpack-5.2.6/lib/action_dispatch/middleware/templates/routes/_route.html.erb [8 times] (283.3ms)
  Rendered /Users/danielnguyen/.rvm/gems/ruby-2.7.4/gems/actionpack-5.2.6/lib/action_dispatch/middleware/templates/routes/_table.html.erb (73.7ms)
  Rendered /Users/danielnguyen/.rvm/gems/ruby-2.7.4/gems/railties-5.2.6/lib/rails/templates/rails/info/routes.html.erb within layouts/application (536.8ms)
Completed 200 OK in 558ms (Views: 546.0ms | ActiveRecord: 0.0ms)


Started GET "/artists" for 127.0.0.1 at 2021-10-20 10:56:26 +1100
Processing by ArtistsController#index as HTML
  Rendering artists/index.html.erb within layouts/application
  [1m[36mArtist Load (0.3ms)[0m  [1m[34mSELECT "artists".* FROM "artists"[0m
  ↳ app/views/artists/index.html.erb:3
  Rendered artists/index.html.erb within layouts/application (47.2ms)
Completed 500 Internal Server Error in 52ms (ActiveRecord: 12.7ms)


  
ActionView::Template::Error (wrong number of arguments (given 1, expected 0)):
    1: <h1>All Artists</h1>
    2: 
    3: <% @artists.each do |artist| %>
    4:   <%= image_tag artist.image :class => 'thumb' if artist.image.present? %>
    5:   <ul>
    6:     <li>Name: <%= artist.name %></li>
    7:     <li>Nationality: <%= artist.nationality %></li>
  
app/views/artists/index.html.erb:4:in `block in _app_views_artists_index_html_erb___40568195493510788_14020'
app/views/artists/index.html.erb:3:in `_app_views_artists_index_html_erb___40568195493510788_14020'
Started GET "/artists" for 127.0.0.1 at 2021-10-20 10:57:08 +1100
Processing by ArtistsController#index as HTML
  Rendering artists/index.html.erb within layouts/application
  [1m[36mArtist Load (0.2ms)[0m  [1m[34mSELECT "artists".* FROM "artists"[0m
  ↳ app/views/artists/index.html.erb:3
  Rendered artists/index.html.erb within layouts/application (2.1ms)
Completed 200 OK in 130ms (Views: 128.6ms | ActiveRecord: 0.2ms)


Started GET "/artists" for 127.0.0.1 at 2021-10-20 10:57:43 +1100
Processing by ArtistsController#index as HTML
  Rendering artists/index.html.erb within layouts/application
  [1m[36mArtist Load (0.3ms)[0m  [1m[34mSELECT "artists".* FROM "artists"[0m
  ↳ app/views/artists/index.html.erb:3
  Rendered artists/index.html.erb within layouts/application (2.6ms)
Completed 200 OK in 22ms (Views: 20.1ms | ActiveRecord: 0.3ms)


Started GET "/artists" for 127.0.0.1 at 2021-10-20 10:57:52 +1100
Processing by ArtistsController#index as HTML
  Rendering artists/index.html.erb within layouts/application
  [1m[36mArtist Load (0.2ms)[0m  [1m[34mSELECT "artists".* FROM "artists"[0m
  ↳ app/views/artists/index.html.erb:3
  Rendered artists/index.html.erb within layouts/application (3.3ms)
Completed 200 OK in 56ms (Views: 54.5ms | ActiveRecord: 0.2ms)


Started GET "/artists" for 127.0.0.1 at 2021-10-20 11:34:47 +1100
Processing by ArtistsController#index as HTML
  Rendering artists/index.html.erb within layouts/application
  [1m[36mArtist Load (1.1ms)[0m  [1m[34mSELECT "artists".* FROM "artists"[0m
  ↳ app/views/artists/index.html.erb:3
  Rendered artists/index.html.erb within layouts/application (85.2ms)
Completed 200 OK in 170ms (Views: 139.2ms | ActiveRecord: 2.1ms)


Started GET "/artists" for 127.0.0.1 at 2021-10-20 11:34:56 +1100
Processing by ArtistsController#index as HTML
  Rendering artists/index.html.erb within layouts/application
  [1m[36mArtist Load (0.2ms)[0m  [1m[34mSELECT "artists".* FROM "artists"[0m
  ↳ app/views/artists/index.html.erb:3
  Rendered artists/index.html.erb within layouts/application (7.5ms)
Completed 200 OK in 55ms (Views: 51.2ms | ActiveRecord: 0.2ms)


Started GET "/artists" for 127.0.0.1 at 2021-10-20 11:35:39 +1100
Processing by ArtistsController#index as HTML
  Rendering artists/index.html.erb within layouts/application
  [1m[36mArtist Load (0.3ms)[0m  [1m[34mSELECT "artists".* FROM "artists"[0m
  ↳ app/views/artists/index.html.erb:3
  Rendered artists/index.html.erb within layouts/application (2.5ms)
Completed 200 OK in 52ms (Views: 49.9ms | ActiveRecord: 0.3ms)


Started GET "/artists" for 127.0.0.1 at 2021-10-20 11:35:54 +1100
Processing by ArtistsController#index as HTML
  Rendering artists/index.html.erb within layouts/application
  [1m[36mArtist Load (0.2ms)[0m  [1m[34mSELECT "artists".* FROM "artists"[0m
  ↳ app/views/artists/index.html.erb:3
  Rendered artists/index.html.erb within layouts/application (3.9ms)
Completed 200 OK in 35ms (Views: 31.7ms | ActiveRecord: 0.2ms)


Started GET "/artists" for 127.0.0.1 at 2021-10-20 11:36:01 +1100
Processing by ArtistsController#index as HTML
  Rendering artists/index.html.erb within layouts/application
  [1m[36mArtist Load (0.2ms)[0m  [1m[34mSELECT "artists".* FROM "artists"[0m
  ↳ app/views/artists/index.html.erb:3
  Rendered artists/index.html.erb within layouts/application (3.2ms)
Completed 200 OK in 76ms (Views: 73.9ms | ActiveRecord: 0.2ms)


Started GET "/artists" for 127.0.0.1 at 2021-10-20 11:38:54 +1100
Processing by ArtistsController#index as HTML
  Rendering artists/index.html.erb within layouts/application
  [1m[36mArtist Load (0.2ms)[0m  [1m[34mSELECT "artists".* FROM "artists"[0m
  ↳ app/views/artists/index.html.erb:3
  Rendered artists/index.html.erb within layouts/application (2.3ms)
Completed 200 OK in 19ms (Views: 17.4ms | ActiveRecord: 0.2ms)


Started GET "/artists" for 127.0.0.1 at 2021-10-20 11:40:45 +1100
Processing by ArtistsController#index as HTML
  Rendering artists/index.html.erb within layouts/application
  [1m[36mArtist Load (0.2ms)[0m  [1m[34mSELECT "artists".* FROM "artists"[0m
  ↳ app/views/artists/index.html.erb:3
  Rendered artists/index.html.erb within layouts/application (2.2ms)
Completed 200 OK in 24ms (Views: 22.2ms | ActiveRecord: 0.2ms)


Started GET "/artists" for 127.0.0.1 at 2021-10-20 11:40:53 +1100
Processing by ArtistsController#index as HTML
  Rendering artists/index.html.erb within layouts/application
  [1m[36mArtist Load (0.3ms)[0m  [1m[34mSELECT "artists".* FROM "artists"[0m
  ↳ app/views/artists/index.html.erb:3
  Rendered artists/index.html.erb within layouts/application (2.7ms)
Completed 200 OK in 22ms (Views: 19.1ms | ActiveRecord: 0.3ms)


Started GET "/artists" for 127.0.0.1 at 2021-10-20 11:44:29 +1100
Processing by ArtistsController#index as HTML
  Rendering artists/index.html.erb within layouts/application
  [1m[36mArtist Load (0.2ms)[0m  [1m[34mSELECT "artists".* FROM "artists"[0m
  ↳ app/views/artists/index.html.erb:3
  Rendered artists/index.html.erb within layouts/application (2.3ms)
Completed 200 OK in 26ms (Views: 19.8ms | ActiveRecord: 0.2ms)


Started GET "/artists" for 127.0.0.1 at 2021-10-20 11:45:19 +1100
Processing by ArtistsController#index as HTML
  Rendering artists/index.html.erb within layouts/application
  [1m[36mArtist Load (0.1ms)[0m  [1m[34mSELECT "artists".* FROM "artists"[0m
  ↳ app/views/artists/index.html.erb:3
  Rendered artists/index.html.erb within layouts/application (2.5ms)
Completed 200 OK in 33ms (Views: 30.5ms | ActiveRecord: 0.1ms)


Started GET "/artists" for 127.0.0.1 at 2021-10-20 11:46:10 +1100
Processing by ArtistsController#index as HTML
  Rendering artists/index.html.erb within layouts/application
  [1m[36mArtist Load (0.1ms)[0m  [1m[34mSELECT "artists".* FROM "artists"[0m
  ↳ app/views/artists/index.html.erb:3
  Rendered artists/index.html.erb within layouts/application (2.1ms)
Completed 200 OK in 18ms (Views: 16.6ms | ActiveRecord: 0.1ms)


Started GET "/artists" for 127.0.0.1 at 2021-10-20 11:47:26 +1100
Processing by ArtistsController#index as HTML
  Rendering artists/index.html.erb within layouts/application
  [1m[36mArtist Load (0.2ms)[0m  [1m[34mSELECT "artists".* FROM "artists"[0m
  ↳ app/views/artists/index.html.erb:3
  Rendered artists/index.html.erb within layouts/application (2.9ms)
Completed 200 OK in 30ms (Views: 28.0ms | ActiveRecord: 0.2ms)


Started GET "/artists" for 127.0.0.1 at 2021-10-20 11:48:15 +1100
Processing by ArtistsController#index as HTML
  Rendering artists/index.html.erb within layouts/application
  [1m[36mArtist Load (0.8ms)[0m  [1m[34mSELECT "artists".* FROM "artists"[0m
  ↳ app/views/artists/index.html.erb:3
  Rendered artists/index.html.erb within layouts/application (11.9ms)
Completed 200 OK in 37ms (Views: 34.2ms | ActiveRecord: 0.8ms)


Started GET "/artists/1" for 127.0.0.1 at 2021-10-20 11:50:51 +1100
Processing by ArtistsController#show as HTML
  Parameters: {"id"=>"1"}
  Rendering artists/show.html.erb within layouts/application
  Rendered artists/show.html.erb within layouts/application (0.5ms)
Completed 200 OK in 24ms (Views: 17.8ms | ActiveRecord: 0.0ms)


Started GET "/artists/1" for 127.0.0.1 at 2021-10-20 11:52:12 +1100
Processing by ArtistsController#show as HTML
  Parameters: {"id"=>"1"}
  [1m[36mArtist Load (0.2ms)[0m  [1m[34mSELECT  "artists".* FROM "artists" WHERE "artists"."id" = ? LIMIT ?[0m  [["id", 1], ["LIMIT", 1]]
  ↳ app/controllers/artists_controller.rb:13
  Rendering artists/show.html.erb within layouts/application
  Rendered artists/show.html.erb within layouts/application (0.4ms)
Completed 200 OK in 137ms (Views: 51.3ms | ActiveRecord: 1.1ms)


Started GET "/artists/1" for 127.0.0.1 at 2021-10-20 11:53:42 +1100
Processing by ArtistsController#show as HTML
  Parameters: {"id"=>"1"}
  [1m[36mArtist Load (0.3ms)[0m  [1m[34mSELECT  "artists".* FROM "artists" WHERE "artists"."id" = ? LIMIT ?[0m  [["id", 1], ["LIMIT", 1]]
  ↳ app/controllers/artists_controller.rb:13
  Rendering artists/show.html.erb within layouts/application
  Rendered artists/show.html.erb within layouts/application (4.5ms)
Completed 200 OK in 30ms (Views: 25.7ms | ActiveRecord: 0.3ms)


Started GET "/artists/1" for 127.0.0.1 at 2021-10-20 11:54:03 +1100
Processing by ArtistsController#show as HTML
  Parameters: {"id"=>"1"}
  [1m[36mArtist Load (0.2ms)[0m  [1m[34mSELECT  "artists".* FROM "artists" WHERE "artists"."id" = ? LIMIT ?[0m  [["id", 1], ["LIMIT", 1]]
  ↳ app/controllers/artists_controller.rb:13
  Rendering artists/show.html.erb within layouts/application
  Rendered artists/show.html.erb within layouts/application (1.2ms)
Completed 200 OK in 31ms (Views: 29.3ms | ActiveRecord: 0.2ms)


Started GET "/artists/1" for 127.0.0.1 at 2021-10-20 11:56:09 +1100
Processing by ArtistsController#show as HTML
  Parameters: {"id"=>"1"}
  [1m[36mArtist Load (0.2ms)[0m  [1m[34mSELECT  "artists".* FROM "artists" WHERE "artists"."id" = ? LIMIT ?[0m  [["id", 1], ["LIMIT", 1]]
  ↳ app/controllers/artists_controller.rb:13
  Rendering artists/show.html.erb within layouts/application
  Rendered artists/show.html.erb within layouts/application (0.8ms)
Completed 200 OK in 241ms (Views: 216.6ms | ActiveRecord: 0.9ms)


Started GET "/artists/1" for 127.0.0.1 at 2021-10-20 11:57:04 +1100
Processing by ArtistsController#show as HTML
  Parameters: {"id"=>"1"}
  [1m[36mArtist Load (0.2ms)[0m  [1m[34mSELECT  "artists".* FROM "artists" WHERE "artists"."id" = ? LIMIT ?[0m  [["id", 1], ["LIMIT", 1]]
  ↳ app/controllers/artists_controller.rb:13
  Rendering artists/show.html.erb within layouts/application
  Rendered artists/show.html.erb within layouts/application (2.7ms)
Completed 200 OK in 91ms (Views: 89.1ms | ActiveRecord: 0.2ms)


Started GET "/artists/1" for 127.0.0.1 at 2021-10-20 11:57:12 +1100
Processing by ArtistsController#show as HTML
  Parameters: {"id"=>"1"}
  [1m[36mArtist Load (0.2ms)[0m  [1m[34mSELECT  "artists".* FROM "artists" WHERE "artists"."id" = ? LIMIT ?[0m  [["id", 1], ["LIMIT", 1]]
  ↳ app/controllers/artists_controller.rb:13
  Rendering artists/show.html.erb within layouts/application
  Rendered artists/show.html.erb within layouts/application (1.0ms)
Completed 200 OK in 58ms (Views: 54.7ms | ActiveRecord: 0.2ms)


Started GET "/artists/1" for 127.0.0.1 at 2021-10-20 11:57:30 +1100
Processing by ArtistsController#show as HTML
  Parameters: {"id"=>"1"}
  [1m[36mArtist Load (0.2ms)[0m  [1m[34mSELECT  "artists".* FROM "artists" WHERE "artists"."id" = ? LIMIT ?[0m  [["id", 1], ["LIMIT", 1]]
  ↳ app/controllers/artists_controller.rb:13
  Rendering artists/show.html.erb within layouts/application
  Rendered artists/show.html.erb within layouts/application (0.8ms)
Completed 200 OK in 33ms (Views: 31.1ms | ActiveRecord: 0.2ms)


Started GET "/artists/1" for 127.0.0.1 at 2021-10-20 12:06:53 +1100
Processing by ArtistsController#show as HTML
  Parameters: {"id"=>"1"}
  [1m[36mArtist Load (0.2ms)[0m  [1m[34mSELECT  "artists".* FROM "artists" WHERE "artists"."id" = ? LIMIT ?[0m  [["id", 1], ["LIMIT", 1]]
  ↳ app/controllers/artists_controller.rb:13
  Rendering artists/show.html.erb within layouts/application
  Rendered artists/show.html.erb within layouts/application (0.9ms)
Completed 200 OK in 18ms (Views: 16.1ms | ActiveRecord: 0.2ms)


Started GET "/artists" for 127.0.0.1 at 2021-10-20 12:06:55 +1100
Processing by ArtistsController#index as HTML
  Rendering artists/index.html.erb within layouts/application
  [1m[36mArtist Load (0.7ms)[0m  [1m[34mSELECT "artists".* FROM "artists"[0m
  ↳ app/views/artists/index.html.erb:3
  Rendered artists/index.html.erb within layouts/application (5.3ms)
Completed 200 OK in 28ms (Views: 25.6ms | ActiveRecord: 0.7ms)


Started GET "/artists/new" for 127.0.0.1 at 2021-10-20 12:06:57 +1100
Processing by ArtistsController#new as HTML
  Rendering artists/new.html.erb within layouts/application
  Rendered artists/new.html.erb within layouts/application (0.4ms)
Completed 200 OK in 15ms (Views: 13.2ms | ActiveRecord: 0.0ms)


Started GET "/artists" for 127.0.0.1 at 2021-10-20 12:06:58 +1100
Processing by ArtistsController#index as HTML
  Rendering artists/index.html.erb within layouts/application
  [1m[36mArtist Load (0.1ms)[0m  [1m[34mSELECT "artists".* FROM "artists"[0m
  ↳ app/views/artists/index.html.erb:3
  Rendered artists/index.html.erb within layouts/application (3.3ms)
Completed 200 OK in 27ms (Views: 23.3ms | ActiveRecord: 0.1ms)


Started GET "/artists/new" for 127.0.0.1 at 2021-10-20 12:09:12 +1100
Processing by ArtistsController#new as HTML
  Rendering artists/new.html.erb within layouts/application
  Rendered artists/new.html.erb within layouts/application (0.5ms)
Completed 200 OK in 102ms (Views: 80.2ms | ActiveRecord: 0.8ms)


Started GET "/artists/new" for 127.0.0.1 at 2021-10-20 12:14:19 +1100
Processing by ArtistsController#new as HTML
  Rendering artists/new.html.erb within layouts/application
  Rendered artists/new.html.erb within layouts/application (117.9ms)
Completed 200 OK in 208ms (Views: 201.8ms | ActiveRecord: 0.0ms)


Started GET "/artists/new" for 127.0.0.1 at 2021-10-20 12:18:30 +1100
Processing by ArtistsController#new as HTML
  Rendering artists/new.html.erb within layouts/application
  Rendered artists/new.html.erb within layouts/application (42.1ms)
Completed 200 OK in 76ms (Views: 73.9ms | ActiveRecord: 0.0ms)


Started GET "/artists/new" for 127.0.0.1 at 2021-10-20 12:18:34 +1100
Processing by ArtistsController#new as HTML
  Rendering artists/new.html.erb within layouts/application
  Rendered artists/new.html.erb within layouts/application (3.4ms)
Completed 200 OK in 22ms (Views: 20.0ms | ActiveRecord: 0.0ms)


Started GET "/artists/new" for 127.0.0.1 at 2021-10-20 12:18:49 +1100
Processing by ArtistsController#new as HTML
  Rendering artists/new.html.erb within layouts/application
  Rendered artists/new.html.erb within layouts/application (4.1ms)
Completed 200 OK in 44ms (Views: 42.5ms | ActiveRecord: 0.0ms)


Started GET "/artists/new" for 127.0.0.1 at 2021-10-20 12:22:54 +1100
Processing by ArtistsController#new as HTML
  Rendering artists/new.html.erb within layouts/application
  Rendered artists/new.html.erb within layouts/application (6.7ms)
Completed 200 OK in 28ms (Views: 27.0ms | ActiveRecord: 0.0ms)


Started GET "/artists/new" for 127.0.0.1 at 2021-10-20 12:23:49 +1100
Processing by ArtistsController#new as HTML
  Rendering artists/new.html.erb within layouts/application
  Rendered artists/new.html.erb within layouts/application (5.5ms)
Completed 200 OK in 34ms (Views: 31.2ms | ActiveRecord: 0.0ms)


Started GET "/artists/new" for 127.0.0.1 at 2021-10-20 12:24:03 +1100
Processing by ArtistsController#new as HTML
  Rendering artists/new.html.erb within layouts/application
  Rendered artists/new.html.erb within layouts/application (6.2ms)
Completed 200 OK in 46ms (Views: 44.3ms | ActiveRecord: 0.0ms)


Started GET "/artists/new" for 127.0.0.1 at 2021-10-20 12:24:26 +1100
Processing by ArtistsController#new as HTML
  Rendering artists/new.html.erb within layouts/application
  Rendered artists/new.html.erb within layouts/application (8.1ms)
Completed 200 OK in 57ms (Views: 53.8ms | ActiveRecord: 0.0ms)


Started GET "/artists/new" for 127.0.0.1 at 2021-10-20 12:26:49 +1100
Processing by ArtistsController#new as HTML
  Rendering artists/new.html.erb within layouts/application
  Rendered artists/new.html.erb within layouts/application (4.9ms)
Completed 200 OK in 55ms (Views: 33.3ms | ActiveRecord: 4.4ms)


Started POST "/artists" for 127.0.0.1 at 2021-10-20 12:27:18 +1100
Processing by ArtistsController#create as HTML
  Parameters: {"utf8"=>"✓", "authenticity_token"=>"6h/0ZnlF6XCB4c5Ayhg3MkPiBPNZqRd5V7rHQNs8FFcsW8X0xgPGed7OvkOK5FARA+pz0/so5gVfXFNW7QeDrQ==", "artist"=>{"name"=>"Ken Done", "nationality"=>"Australia", "dob"=>"1930-01-26", "period"=>"Marketing", "image"=>"https://cdn.broadsheet.com.au/cache/79/11/79116136a40bdbe86bdb967ffda93492.jpg"}, "commit"=>"Create Artist"}
No template found for ArtistsController#create, rendering head :no_content
Completed 204 No Content in 107ms (ActiveRecord: 0.0ms)


Started GET "/artists" for 127.0.0.1 at 2021-10-20 12:28:33 +1100
Processing by ArtistsController#index as HTML
  Rendering artists/index.html.erb within layouts/application
  [1m[36mArtist Load (0.3ms)[0m  [1m[34mSELECT "artists".* FROM "artists"[0m
  ↳ app/views/artists/index.html.erb:3
  Rendered artists/index.html.erb within layouts/application (3.4ms)
Completed 200 OK in 22ms (Views: 19.6ms | ActiveRecord: 0.3ms)


Started GET "/artists" for 127.0.0.1 at 2021-10-20 12:28:37 +1100
Processing by ArtistsController#index as HTML
  Rendering artists/index.html.erb within layouts/application
  [1m[36mArtist Load (0.2ms)[0m  [1m[34mSELECT "artists".* FROM "artists"[0m
  ↳ app/views/artists/index.html.erb:3
  Rendered artists/index.html.erb within layouts/application (6.0ms)
Completed 200 OK in 40ms (Views: 37.7ms | ActiveRecord: 0.2ms)


Started GET "/artists/new" for 127.0.0.1 at 2021-10-20 12:28:42 +1100
Processing by ArtistsController#new as HTML
  Rendering artists/new.html.erb within layouts/application
  Rendered artists/new.html.erb within layouts/application (18.8ms)
Completed 200 OK in 55ms (Views: 53.4ms | ActiveRecord: 0.0ms)


Started POST "/artists" for 127.0.0.1 at 2021-10-20 12:28:52 +1100
Processing by ArtistsController#create as HTML
  Parameters: {"utf8"=>"✓", "authenticity_token"=>"FqZYMM4voXa7LrKiNCHaPM+PLfOIjbJcPVgDPIJhQurQ4mmicWmOf+QBwqF03b0fj4da0yoMQyA1vpcqtFrVEA==", "artist"=>{"name"=>"Ken Done", "nationality"=>"", "dob"=>"", "period"=>"", "image"=>""}, "commit"=>"Create Artist"}
Completed 500 Internal Server Error in 2ms (ActiveRecord: 0.0ms)


  
RuntimeError (hell):
  
app/controllers/artists_controller.rb:11:in `create'
Started POST "/artists" for 127.0.0.1 at 2021-10-20 12:29:02 +1100
Processing by ArtistsController#create as HTML
  Parameters: {"utf8"=>"✓", "authenticity_token"=>"FqZYMM4voXa7LrKiNCHaPM+PLfOIjbJcPVgDPIJhQurQ4mmicWmOf+QBwqF03b0fj4da0yoMQyA1vpcqtFrVEA==", "artist"=>{"name"=>"Ken Done", "nationality"=>"Australia", "dob"=>"1930-01-26", "period"=>"Marketing", "image"=>"https://cdn.broadsheet.com.au/cache/79/11/79116136a40bdbe86bdb967ffda93492.jpg"}, "commit"=>"Create Artist"}
Completed 500 Internal Server Error in 1ms (ActiveRecord: 0.0ms)


  
RuntimeError (hell):
  
app/controllers/artists_controller.rb:11:in `create'
Started PUT "/__web_console/repl_sessions/1e97f1e08838a1f33e5f4b0cac430500" for 127.0.0.1 at 2021-10-20 12:29:09 +1100
Started PUT "/__web_console/repl_sessions/1e97f1e08838a1f33e5f4b0cac430500" for 127.0.0.1 at 2021-10-20 12:29:13 +1100
Started PUT "/__web_console/repl_sessions/1e97f1e08838a1f33e5f4b0cac430500" for 127.0.0.1 at 2021-10-20 12:33:20 +1100
Started PUT "/__web_console/repl_sessions/1e97f1e08838a1f33e5f4b0cac430500" for 127.0.0.1 at 2021-10-20 12:33:28 +1100
Started PUT "/__web_console/repl_sessions/1e97f1e08838a1f33e5f4b0cac430500" for 127.0.0.1 at 2021-10-20 12:33:29 +1100
Started POST "/artists" for 127.0.0.1 at 2021-10-20 12:36:00 +1100
Processing by ArtistsController#create as HTML
  Parameters: {"utf8"=>"✓", "authenticity_token"=>"FqZYMM4voXa7LrKiNCHaPM+PLfOIjbJcPVgDPIJhQurQ4mmicWmOf+QBwqF03b0fj4da0yoMQyA1vpcqtFrVEA==", "artist"=>{"name"=>"Ken Done", "nationality"=>"Australia", "dob"=>"1930-01-26", "period"=>"Marketing", "image"=>"https://cdn.broadsheet.com.au/cache/79/11/79116136a40bdbe86bdb967ffda93492.jpg"}, "commit"=>"Create Artist"}
Completed 500 Internal Server Error in 1ms (ActiveRecord: 0.0ms)


  
RuntimeError (hell):
  
app/controllers/artists_controller.rb:11:in `create'
Started PUT "/__web_console/repl_sessions/412a44050572c0f39a45460103d4dba1" for 127.0.0.1 at 2021-10-20 12:36:10 +1100
Started PUT "/__web_console/repl_sessions/412a44050572c0f39a45460103d4dba1" for 127.0.0.1 at 2021-10-20 12:36:16 +1100
Started POST "/artists" for 127.0.0.1 at 2021-10-20 12:38:29 +1100
Processing by ArtistsController#create as HTML
  Parameters: {"utf8"=>"✓", "authenticity_token"=>"FqZYMM4voXa7LrKiNCHaPM+PLfOIjbJcPVgDPIJhQurQ4mmicWmOf+QBwqF03b0fj4da0yoMQyA1vpcqtFrVEA==", "artist"=>{"name"=>"Ken Done", "nationality"=>"Australia", "dob"=>"1930-01-26", "period"=>"Marketing", "image"=>"https://cdn.broadsheet.com.au/cache/79/11/79116136a40bdbe86bdb967ffda93492.jpg"}, "commit"=>"Create Artist"}
  [1m[35m (0.1ms)[0m  [1m[36mbegin transaction[0m
  ↳ app/controllers/artists_controller.rb:11
  [1m[36mArtist Create (1.7ms)[0m  [1m[32mINSERT INTO "artists" ("name", "nationality", "dob", "period", "image", "created_at", "updated_at") VALUES (?, ?, ?, ?, ?, ?, ?)[0m  [["name", "Ken Done"], ["nationality", "Australia"], ["dob", "1930-01-26"], ["period", "Marketing"], ["image", "https://cdn.broadsheet.com.au/cache/79/11/79116136a40bdbe86bdb967ffda93492.jpg"], ["created_at", "2021-10-20 01:38:29.672182"], ["updated_at", "2021-10-20 01:38:29.672182"]]
  ↳ app/controllers/artists_controller.rb:11
  [1m[35m (2.2ms)[0m  [1m[36mcommit transaction[0m
  ↳ app/controllers/artists_controller.rb:11
Redirected to http://localhost:3000/artists/8
Completed 302 Found in 95ms (ActiveRecord: 4.9ms)


Started GET "/artists/8" for 127.0.0.1 at 2021-10-20 12:38:29 +1100
Processing by ArtistsController#show as HTML
  Parameters: {"id"=>"8"}
  [1m[36mArtist Load (0.2ms)[0m  [1m[34mSELECT  "artists".* FROM "artists" WHERE "artists"."id" = ? LIMIT ?[0m  [["id", 8], ["LIMIT", 1]]
  ↳ app/controllers/artists_controller.rb:16
  Rendering artists/show.html.erb within layouts/application
  Rendered artists/show.html.erb within layouts/application (1.0ms)
Completed 200 OK in 39ms (Views: 36.2ms | ActiveRecord: 0.2ms)


Started GET "/artists/new" for 127.0.0.1 at 2021-10-20 12:43:09 +1100
Processing by ArtistsController#new as HTML
  Rendering artists/new.html.erb within layouts/application
  Rendered artists/new.html.erb within layouts/application (4.4ms)
Completed 200 OK in 23ms (Views: 21.9ms | ActiveRecord: 0.0ms)


Started POST "/artists" for 127.0.0.1 at 2021-10-20 12:43:16 +1100
Processing by ArtistsController#create as HTML
  Parameters: {"utf8"=>"✓", "authenticity_token"=>"oe91swYXLfUAKJ8PqFBY2hD8YfaoDMWkdrlkpR8iLMNnq0QhuVEC/F8H7wzorD/5UPQW1gqNNNh+X/CzKRm7OQ==", "artist"=>{"name"=>"Ken Done is Jonny's BFF", "nationality"=>"", "dob"=>"", "period"=>"", "image"=>""}, "commit"=>"Create Artist"}
  [1m[35m (0.1ms)[0m  [1m[36mbegin transaction[0m
  ↳ app/controllers/artists_controller.rb:11
  [1m[36mArtist Create (0.6ms)[0m  [1m[32mINSERT INTO "artists" ("name", "nationality", "period", "image", "created_at", "updated_at") VALUES (?, ?, ?, ?, ?, ?)[0m  [["name", "Ken Done is Jonny's BFF"], ["nationality", ""], ["period", ""], ["image", ""], ["created_at", "2021-10-20 01:43:16.933425"], ["updated_at", "2021-10-20 01:43:16.933425"]]
  ↳ app/controllers/artists_controller.rb:11
  [1m[35m (3.0ms)[0m  [1m[36mcommit transaction[0m
  ↳ app/controllers/artists_controller.rb:11
Redirected to http://localhost:3000/artists/9
Completed 302 Found in 16ms (ActiveRecord: 3.7ms)


Started GET "/artists/9" for 127.0.0.1 at 2021-10-20 12:43:16 +1100
Processing by ArtistsController#show as HTML
  Parameters: {"id"=>"9"}
  [1m[36mArtist Load (2.3ms)[0m  [1m[34mSELECT  "artists".* FROM "artists" WHERE "artists"."id" = ? LIMIT ?[0m  [["id", 9], ["LIMIT", 1]]
  ↳ app/controllers/artists_controller.rb:16
  Rendering artists/show.html.erb within layouts/application
  Rendered artists/show.html.erb within layouts/application (0.4ms)
Completed 200 OK in 18ms (Views: 13.3ms | ActiveRecord: 2.3ms)


Started GET "/artists" for 127.0.0.1 at 2021-10-20 12:43:18 +1100
Processing by ArtistsController#index as HTML
  Rendering artists/index.html.erb within layouts/application
  [1m[36mArtist Load (0.2ms)[0m  [1m[34mSELECT "artists".* FROM "artists"[0m
  ↳ app/views/artists/index.html.erb:3
  Rendered artists/index.html.erb within layouts/application (2.7ms)
Completed 200 OK in 21ms (Views: 16.8ms | ActiveRecord: 0.2ms)


Started GET "/artists/9" for 127.0.0.1 at 2021-10-20 12:43:32 +1100
Processing by ArtistsController#show as HTML
  Parameters: {"id"=>"9"}
  [1m[36mArtist Load (0.1ms)[0m  [1m[34mSELECT  "artists".* FROM "artists" WHERE "artists"."id" = ? LIMIT ?[0m  [["id", 9], ["LIMIT", 1]]
  ↳ app/controllers/artists_controller.rb:16
  Rendering artists/show.html.erb within layouts/application
  Rendered artists/show.html.erb within layouts/application (0.7ms)
Completed 200 OK in 29ms (Views: 27.3ms | ActiveRecord: 0.1ms)


Started GET "/artists" for 127.0.0.1 at 2021-10-20 12:47:12 +1100
Processing by ArtistsController#index as HTML
  Rendering artists/index.html.erb within layouts/application
  [1m[36mArtist Load (0.2ms)[0m  [1m[34mSELECT "artists".* FROM "artists"[0m
  ↳ app/views/artists/index.html.erb:3
  Rendered artists/index.html.erb within layouts/application (6.3ms)
Completed 200 OK in 37ms (Views: 35.2ms | ActiveRecord: 0.2ms)


